[0.317s] Invoking command in '/turtlebot3_ws/build/turtlebot3_fake_node': CMAKE_PREFIX_PATH=/turtlebot3_ws/install/turtlebot3_msgs:/turtlebot3_ws/install/turtlebot3:/turtlebot3_ws/install/turtlebot3_simulations:/turtlebot3_ws/install/turtlebot3_bringup:/turtlebot3_ws/install/turtlebot3_node:/turtlebot3_ws/install/turtlebot3_navigation2:/turtlebot3_ws/install/turtlebot3_fake_node:/turtlebot3_ws/install/turtlebot3_gazebo:/turtlebot3_ws/install/turtlebot3_description:/turtlebot3_ws/install/turtlebot3_cartographer:/turtlebot3_ws/install/hls_lfcd_lds_driver:/turtlebot3_ws/install/dynamixel_sdk_examples:/turtlebot3_ws/install/dynamixel_sdk_custom_interfaces:/turtlebot3_ws/install/dynamixel_sdk:/turtlebot3_ws/install/turtlebot3_teleop:/turtlebot3_ws/install/turtlebot3_example:/opt/ros/foxy PYTHONPATH=/turtlebot3_ws/install/turtlebot3_msgs/lib/python3.8/site-packages:/turtlebot3_ws/build/turtlebot3_teleop:/turtlebot3_ws/install/turtlebot3_teleop/lib/python3.8/site-packages:/turtlebot3_ws/build/turtlebot3_example:/turtlebot3_ws/install/turtlebot3_example/lib/python3.8/site-packages:/turtlebot3_ws/install/dynamixel_sdk_custom_interfaces/lib/python3.8/site-packages:/opt/ros/foxy/lib/python3.8/site-packages /usr/bin/cmake --build /turtlebot3_ws/build/turtlebot3_fake_node -- -j12 -l12
[0.404s] [100%] Built target turtlebot3_fake_node
[0.429s] Invoked command in '/turtlebot3_ws/build/turtlebot3_fake_node' returned '0': CMAKE_PREFIX_PATH=/turtlebot3_ws/install/turtlebot3_msgs:/turtlebot3_ws/install/turtlebot3:/turtlebot3_ws/install/turtlebot3_simulations:/turtlebot3_ws/install/turtlebot3_bringup:/turtlebot3_ws/install/turtlebot3_node:/turtlebot3_ws/install/turtlebot3_navigation2:/turtlebot3_ws/install/turtlebot3_fake_node:/turtlebot3_ws/install/turtlebot3_gazebo:/turtlebot3_ws/install/turtlebot3_description:/turtlebot3_ws/install/turtlebot3_cartographer:/turtlebot3_ws/install/hls_lfcd_lds_driver:/turtlebot3_ws/install/dynamixel_sdk_examples:/turtlebot3_ws/install/dynamixel_sdk_custom_interfaces:/turtlebot3_ws/install/dynamixel_sdk:/turtlebot3_ws/install/turtlebot3_teleop:/turtlebot3_ws/install/turtlebot3_example:/opt/ros/foxy PYTHONPATH=/turtlebot3_ws/install/turtlebot3_msgs/lib/python3.8/site-packages:/turtlebot3_ws/build/turtlebot3_teleop:/turtlebot3_ws/install/turtlebot3_teleop/lib/python3.8/site-packages:/turtlebot3_ws/build/turtlebot3_example:/turtlebot3_ws/install/turtlebot3_example/lib/python3.8/site-packages:/turtlebot3_ws/install/dynamixel_sdk_custom_interfaces/lib/python3.8/site-packages:/opt/ros/foxy/lib/python3.8/site-packages /usr/bin/cmake --build /turtlebot3_ws/build/turtlebot3_fake_node -- -j12 -l12
[0.462s] Invoking command in '/turtlebot3_ws/build/turtlebot3_fake_node': CMAKE_PREFIX_PATH=/turtlebot3_ws/install/turtlebot3_msgs:/turtlebot3_ws/install/turtlebot3:/turtlebot3_ws/install/turtlebot3_simulations:/turtlebot3_ws/install/turtlebot3_bringup:/turtlebot3_ws/install/turtlebot3_node:/turtlebot3_ws/install/turtlebot3_navigation2:/turtlebot3_ws/install/turtlebot3_fake_node:/turtlebot3_ws/install/turtlebot3_gazebo:/turtlebot3_ws/install/turtlebot3_description:/turtlebot3_ws/install/turtlebot3_cartographer:/turtlebot3_ws/install/hls_lfcd_lds_driver:/turtlebot3_ws/install/dynamixel_sdk_examples:/turtlebot3_ws/install/dynamixel_sdk_custom_interfaces:/turtlebot3_ws/install/dynamixel_sdk:/turtlebot3_ws/install/turtlebot3_teleop:/turtlebot3_ws/install/turtlebot3_example:/opt/ros/foxy PYTHONPATH=/turtlebot3_ws/install/turtlebot3_msgs/lib/python3.8/site-packages:/turtlebot3_ws/build/turtlebot3_teleop:/turtlebot3_ws/install/turtlebot3_teleop/lib/python3.8/site-packages:/turtlebot3_ws/build/turtlebot3_example:/turtlebot3_ws/install/turtlebot3_example/lib/python3.8/site-packages:/turtlebot3_ws/install/dynamixel_sdk_custom_interfaces/lib/python3.8/site-packages:/opt/ros/foxy/lib/python3.8/site-packages /usr/bin/cmake --install /turtlebot3_ws/build/turtlebot3_fake_node
[0.472s] -- Install configuration: ""
[0.473s] -- Execute custom install script
[0.473s] -- Up-to-date symlink: /turtlebot3_ws/install/turtlebot3_fake_node/lib/turtlebot3_fake_node/turtlebot3_fake_node
[0.474s] -- Up-to-date symlink: /turtlebot3_ws/install/turtlebot3_fake_node/share/turtlebot3_fake_node/launch/rviz2.launch.py
[0.474s] -- Up-to-date symlink: /turtlebot3_ws/install/turtlebot3_fake_node/share/turtlebot3_fake_node/launch/turtlebot3_fake_node.launch.py
[0.475s] -- Up-to-date symlink: /turtlebot3_ws/install/turtlebot3_fake_node/share/turtlebot3_fake_node/param/burger.yaml
[0.475s] -- Up-to-date symlink: /turtlebot3_ws/install/turtlebot3_fake_node/share/turtlebot3_fake_node/param/waffle.yaml
[0.475s] -- Up-to-date symlink: /turtlebot3_ws/install/turtlebot3_fake_node/share/turtlebot3_fake_node/param/waffle_pi.yaml
[0.475s] -- Up-to-date symlink: /turtlebot3_ws/install/turtlebot3_fake_node/share/turtlebot3_fake_node/rviz/model.rviz
[0.476s] -- Up-to-date symlink: /turtlebot3_ws/install/turtlebot3_fake_node/include//turtlebot3_fake_node/turtlebot3_fake_node.hpp
[0.476s] -- Up-to-date symlink: /turtlebot3_ws/install/turtlebot3_fake_node/share/ament_index/resource_index/package_run_dependencies/turtlebot3_fake_node
[0.477s] -- Up-to-date symlink: /turtlebot3_ws/install/turtlebot3_fake_node/share/ament_index/resource_index/parent_prefix_path/turtlebot3_fake_node
[0.477s] -- Up-to-date symlink: /turtlebot3_ws/install/turtlebot3_fake_node/share/turtlebot3_fake_node/environment/ament_prefix_path.sh
[0.477s] -- Up-to-date symlink: /turtlebot3_ws/install/turtlebot3_fake_node/share/turtlebot3_fake_node/environment/ament_prefix_path.dsv
[0.477s] -- Up-to-date symlink: /turtlebot3_ws/install/turtlebot3_fake_node/share/turtlebot3_fake_node/environment/path.sh
[0.478s] -- Up-to-date symlink: /turtlebot3_ws/install/turtlebot3_fake_node/share/turtlebot3_fake_node/environment/path.dsv
[0.478s] -- Up-to-date symlink: /turtlebot3_ws/install/turtlebot3_fake_node/share/turtlebot3_fake_node/local_setup.bash
[0.478s] -- Up-to-date symlink: /turtlebot3_ws/install/turtlebot3_fake_node/share/turtlebot3_fake_node/local_setup.sh
[0.479s] -- Up-to-date symlink: /turtlebot3_ws/install/turtlebot3_fake_node/share/turtlebot3_fake_node/local_setup.zsh
[0.479s] -- Up-to-date symlink: /turtlebot3_ws/install/turtlebot3_fake_node/share/turtlebot3_fake_node/local_setup.dsv
[0.479s] -- Symlinking: /turtlebot3_ws/install/turtlebot3_fake_node/share/turtlebot3_fake_node/package.dsv
[0.491s] -- Up-to-date symlink: /turtlebot3_ws/install/turtlebot3_fake_node/share/ament_index/resource_index/packages/turtlebot3_fake_node
[0.491s] -- Up-to-date symlink: /turtlebot3_ws/install/turtlebot3_fake_node/share/turtlebot3_fake_node/cmake/ament_cmake_export_include_directories-extras.cmake
[0.491s] -- Up-to-date symlink: /turtlebot3_ws/install/turtlebot3_fake_node/share/turtlebot3_fake_node/cmake/ament_cmake_export_dependencies-extras.cmake
[0.491s] -- Up-to-date symlink: /turtlebot3_ws/install/turtlebot3_fake_node/share/turtlebot3_fake_node/cmake/turtlebot3_fake_nodeConfig.cmake
[0.492s] -- Up-to-date symlink: /turtlebot3_ws/install/turtlebot3_fake_node/share/turtlebot3_fake_node/cmake/turtlebot3_fake_nodeConfig-version.cmake
[0.492s] -- Up-to-date symlink: /turtlebot3_ws/install/turtlebot3_fake_node/share/turtlebot3_fake_node/package.xml
[0.496s] Invoked command in '/turtlebot3_ws/build/turtlebot3_fake_node' returned '0': CMAKE_PREFIX_PATH=/turtlebot3_ws/install/turtlebot3_msgs:/turtlebot3_ws/install/turtlebot3:/turtlebot3_ws/install/turtlebot3_simulations:/turtlebot3_ws/install/turtlebot3_bringup:/turtlebot3_ws/install/turtlebot3_node:/turtlebot3_ws/install/turtlebot3_navigation2:/turtlebot3_ws/install/turtlebot3_fake_node:/turtlebot3_ws/install/turtlebot3_gazebo:/turtlebot3_ws/install/turtlebot3_description:/turtlebot3_ws/install/turtlebot3_cartographer:/turtlebot3_ws/install/hls_lfcd_lds_driver:/turtlebot3_ws/install/dynamixel_sdk_examples:/turtlebot3_ws/install/dynamixel_sdk_custom_interfaces:/turtlebot3_ws/install/dynamixel_sdk:/turtlebot3_ws/install/turtlebot3_teleop:/turtlebot3_ws/install/turtlebot3_example:/opt/ros/foxy PYTHONPATH=/turtlebot3_ws/install/turtlebot3_msgs/lib/python3.8/site-packages:/turtlebot3_ws/build/turtlebot3_teleop:/turtlebot3_ws/install/turtlebot3_teleop/lib/python3.8/site-packages:/turtlebot3_ws/build/turtlebot3_example:/turtlebot3_ws/install/turtlebot3_example/lib/python3.8/site-packages:/turtlebot3_ws/install/dynamixel_sdk_custom_interfaces/lib/python3.8/site-packages:/opt/ros/foxy/lib/python3.8/site-packages /usr/bin/cmake --install /turtlebot3_ws/build/turtlebot3_fake_node
