[0.085s] Invoking command in '/turtlebot3_ws/build/dynamixel_sdk': CMAKE_PREFIX_PATH=${CMAKE_PREFIX_PATH}:/turtlebot3_ws/install/turtlebot3_teleop:/turtlebot3_ws/install/turtlebot3_example:/opt/ros/foxy /usr/bin/cmake --build /turtlebot3_ws/build/dynamixel_sdk -- -j12 -l12
[0.458s] [100%] Built target dynamixel_sdk
[0.485s] Invoked command in '/turtlebot3_ws/build/dynamixel_sdk' returned '0': CMAKE_PREFIX_PATH=${CMAKE_PREFIX_PATH}:/turtlebot3_ws/install/turtlebot3_teleop:/turtlebot3_ws/install/turtlebot3_example:/opt/ros/foxy /usr/bin/cmake --build /turtlebot3_ws/build/dynamixel_sdk -- -j12 -l12
[0.566s] Invoking command in '/turtlebot3_ws/build/dynamixel_sdk': CMAKE_PREFIX_PATH=${CMAKE_PREFIX_PATH}:/turtlebot3_ws/install/turtlebot3_teleop:/turtlebot3_ws/install/turtlebot3_example:/opt/ros/foxy /usr/bin/cmake --install /turtlebot3_ws/build/dynamixel_sdk
[0.581s] -- Install configuration: ""
[0.581s] -- Execute custom install script
[0.582s] -- Up-to-date symlink: /turtlebot3_ws/install/dynamixel_sdk/include//dynamixel_sdk/dynamixel_sdk.h
[0.582s] -- Up-to-date symlink: /turtlebot3_ws/install/dynamixel_sdk/include//dynamixel_sdk/group_bulk_read.h
[0.582s] -- Up-to-date symlink: /turtlebot3_ws/install/dynamixel_sdk/include//dynamixel_sdk/group_bulk_write.h
[0.583s] -- Up-to-date symlink: /turtlebot3_ws/install/dynamixel_sdk/include//dynamixel_sdk/group_sync_read.h
[0.583s] -- Up-to-date symlink: /turtlebot3_ws/install/dynamixel_sdk/include//dynamixel_sdk/group_sync_write.h
[0.583s] -- Up-to-date symlink: /turtlebot3_ws/install/dynamixel_sdk/include//dynamixel_sdk/packet_handler.h
[0.583s] -- Up-to-date symlink: /turtlebot3_ws/install/dynamixel_sdk/include//dynamixel_sdk/port_handler.h
[0.585s] -- Up-to-date symlink: /turtlebot3_ws/install/dynamixel_sdk/include//dynamixel_sdk/port_handler_arduino.h
[0.586s] -- Up-to-date symlink: /turtlebot3_ws/install/dynamixel_sdk/include//dynamixel_sdk/port_handler_linux.h
[0.586s] -- Up-to-date symlink: /turtlebot3_ws/install/dynamixel_sdk/include//dynamixel_sdk/port_handler_mac.h
[0.586s] -- Up-to-date symlink: /turtlebot3_ws/install/dynamixel_sdk/include//dynamixel_sdk/port_handler_windows.h
[0.586s] -- Up-to-date symlink: /turtlebot3_ws/install/dynamixel_sdk/include//dynamixel_sdk/protocol1_packet_handler.h
[0.586s] -- Up-to-date symlink: /turtlebot3_ws/install/dynamixel_sdk/include//dynamixel_sdk/protocol2_packet_handler.h
[0.587s] -- Up-to-date symlink: /turtlebot3_ws/install/dynamixel_sdk/lib/libdynamixel_sdk.so
[0.587s] -- Up-to-date symlink: /turtlebot3_ws/install/dynamixel_sdk/share/dynamixel_sdk/environment/library_path.sh
[0.588s] -- Up-to-date symlink: /turtlebot3_ws/install/dynamixel_sdk/share/dynamixel_sdk/environment/library_path.dsv
[0.588s] -- Up-to-date symlink: /turtlebot3_ws/install/dynamixel_sdk/share/ament_index/resource_index/package_run_dependencies/dynamixel_sdk
[0.588s] -- Up-to-date symlink: /turtlebot3_ws/install/dynamixel_sdk/share/ament_index/resource_index/parent_prefix_path/dynamixel_sdk
[0.588s] -- Up-to-date symlink: /turtlebot3_ws/install/dynamixel_sdk/share/dynamixel_sdk/environment/ament_prefix_path.sh
[0.588s] -- Up-to-date symlink: /turtlebot3_ws/install/dynamixel_sdk/share/dynamixel_sdk/environment/ament_prefix_path.dsv
[0.589s] -- Up-to-date symlink: /turtlebot3_ws/install/dynamixel_sdk/share/dynamixel_sdk/environment/path.sh
[0.589s] -- Up-to-date symlink: /turtlebot3_ws/install/dynamixel_sdk/share/dynamixel_sdk/environment/path.dsv
[0.589s] -- Up-to-date symlink: /turtlebot3_ws/install/dynamixel_sdk/share/dynamixel_sdk/local_setup.bash
[0.590s] -- Up-to-date symlink: /turtlebot3_ws/install/dynamixel_sdk/share/dynamixel_sdk/local_setup.sh
[0.591s] -- Up-to-date symlink: /turtlebot3_ws/install/dynamixel_sdk/share/dynamixel_sdk/local_setup.zsh
[0.591s] -- Up-to-date symlink: /turtlebot3_ws/install/dynamixel_sdk/share/dynamixel_sdk/local_setup.dsv
[0.591s] -- Symlinking: /turtlebot3_ws/install/dynamixel_sdk/share/dynamixel_sdk/package.dsv
[0.597s] -- Up-to-date symlink: /turtlebot3_ws/install/dynamixel_sdk/share/ament_index/resource_index/packages/dynamixel_sdk
[0.597s] -- Up-to-date symlink: /turtlebot3_ws/install/dynamixel_sdk/share/dynamixel_sdk/cmake/ament_cmake_export_include_directories-extras.cmake
[0.597s] -- Up-to-date symlink: /turtlebot3_ws/install/dynamixel_sdk/share/dynamixel_sdk/cmake/ament_cmake_export_libraries-extras.cmake
[0.598s] -- Up-to-date symlink: /turtlebot3_ws/install/dynamixel_sdk/share/dynamixel_sdk/cmake/dynamixel_sdkConfig.cmake
[0.598s] -- Up-to-date symlink: /turtlebot3_ws/install/dynamixel_sdk/share/dynamixel_sdk/cmake/dynamixel_sdkConfig-version.cmake
[0.598s] -- Up-to-date symlink: /turtlebot3_ws/install/dynamixel_sdk/share/dynamixel_sdk/package.xml
[0.651s] Invoked command in '/turtlebot3_ws/build/dynamixel_sdk' returned '0': CMAKE_PREFIX_PATH=${CMAKE_PREFIX_PATH}:/turtlebot3_ws/install/turtlebot3_teleop:/turtlebot3_ws/install/turtlebot3_example:/opt/ros/foxy /usr/bin/cmake --install /turtlebot3_ws/build/dynamixel_sdk
