[0.029s] Invoking command in '/turtlebot3_ws/build/turtlebot3_node': AMENT_PREFIX_PATH=/turtlebot3_ws/install/turtlebot3_msgs:/turtlebot3_ws/install/dynamixel_sdk:${AMENT_PREFIX_PATH} CMAKE_PREFIX_PATH=/turtlebot3_ws/install/turtlebot3_msgs:/turtlebot3_ws/install/dynamixel_sdk:/opt/ros/foxy LD_LIBRARY_PATH=/turtlebot3_ws/install/turtlebot3_msgs/lib:/turtlebot3_ws/install/dynamixel_sdk/lib:${LD_LIBRARY_PATH} PYTHONPATH=/turtlebot3_ws/install/turtlebot3_msgs/lib/python3.8/site-packages:${PYTHONPATH} /usr/bin/cmake /turtlebot3_ws/src/turtlebot3/turtlebot3_node -DAMENT_CMAKE_SYMLINK_INSTALL=1 -DCMAKE_INSTALL_PREFIX=/turtlebot3_ws/install/turtlebot3_node
[0.355s] -- The C compiler identification is GNU 9.4.0
[0.355s] -- The CXX compiler identification is GNU 9.4.0
[0.356s] -- Check for working C compiler: /usr/bin/cc
[0.358s] -- Check for working C compiler: /usr/bin/cc -- works
[0.359s] -- Detecting C compiler ABI info
[0.359s] -- Detecting C compiler ABI info - done
[0.359s] -- Detecting C compile features
[0.359s] -- Detecting C compile features - done
[0.359s] -- Check for working CXX compiler: /usr/bin/c++
[0.395s] -- Check for working CXX compiler: /usr/bin/c++ -- works
[0.397s] -- Detecting CXX compiler ABI info
[0.493s] -- Detecting CXX compiler ABI info - done
[0.508s] -- Detecting CXX compile features
[0.508s] -- Detecting CXX compile features - done
[0.512s] -- Found ament_cmake: 0.9.9 (/opt/ros/foxy/share/ament_cmake/cmake)
[0.551s] -- Found PythonInterp: /usr/bin/python3 (found suitable version "3.8.10", minimum required is "3") 
[0.551s] -- Using PYTHON_EXECUTABLE: /usr/bin/python3
[0.783s] -- Override CMake install command with custom implementation using symlinks instead of copying resources
[0.818s] -- Found dynamixel_sdk: 3.7.40 (/turtlebot3_ws/install/dynamixel_sdk/share/dynamixel_sdk/cmake)
[0.825s] -- Found geometry_msgs: 2.0.5 (/opt/ros/foxy/share/geometry_msgs/cmake)
[0.868s] -- Using all available rosidl_typesupport_c: rosidl_typesupport_fastrtps_c;rosidl_typesupport_introspection_c
[0.879s] -- Found rosidl_adapter: 1.2.1 (/opt/ros/foxy/share/rosidl_adapter/cmake)
[1.022s] -- Found OpenSSL: /usr/lib/x86_64-linux-gnu/libcrypto.so (found version "1.1.1f")  
[1.077s] -- Found FastRTPS: /opt/ros/foxy/include  
[1.208s] -- Using all available rosidl_typesupport_cpp: rosidl_typesupport_fastrtps_cpp;rosidl_typesupport_introspection_cpp
[1.299s] -- Found message_filters: 3.2.5 (/opt/ros/foxy/share/message_filters/cmake)
[1.302s] -- Found nav_msgs: 2.0.5 (/opt/ros/foxy/share/nav_msgs/cmake)
[1.371s] -- Found rclcpp: 2.4.1 (/opt/ros/foxy/share/rclcpp/cmake)
[1.427s] -- Found rmw_implementation_cmake: 1.0.3 (/opt/ros/foxy/share/rmw_implementation_cmake/cmake)
[1.429s] -- Using RMW implementation 'rmw_fastrtps_cpp' as default
[1.430s] -- Looking for pthread.h
[1.505s] -- Looking for pthread.h - found
[1.505s] -- Performing Test CMAKE_HAVE_LIBC_PTHREAD
[1.591s] -- Performing Test CMAKE_HAVE_LIBC_PTHREAD - Failed
[1.591s] -- Looking for pthread_create in pthreads
[1.671s] -- Looking for pthread_create in pthreads - not found
[1.671s] -- Looking for pthread_create in pthread
[1.771s] -- Looking for pthread_create in pthread - found
[1.772s] -- Found Threads: TRUE  
[1.979s] -- Found sensor_msgs: 2.0.5 (/opt/ros/foxy/share/sensor_msgs/cmake)
[2.061s] -- Found std_srvs: 2.0.5 (/opt/ros/foxy/share/std_srvs/cmake)
[2.073s] -- Found tf2: 0.13.13 (/opt/ros/foxy/share/tf2/cmake)
[2.085s] -- Found tf2_ros: 0.13.13 (/opt/ros/foxy/share/tf2_ros/cmake)
[2.406s] -- Found turtlebot3_msgs: 2.2.1 (/turtlebot3_ws/install/turtlebot3_msgs/share/turtlebot3_msgs/cmake)
[2.596s] -- Configuring done
[2.630s] -- Generating done
[2.632s] -- Build files have been written to: /turtlebot3_ws/build/turtlebot3_node
[2.648s] Invoked command in '/turtlebot3_ws/build/turtlebot3_node' returned '0': AMENT_PREFIX_PATH=/turtlebot3_ws/install/turtlebot3_msgs:/turtlebot3_ws/install/dynamixel_sdk:${AMENT_PREFIX_PATH} CMAKE_PREFIX_PATH=/turtlebot3_ws/install/turtlebot3_msgs:/turtlebot3_ws/install/dynamixel_sdk:/opt/ros/foxy LD_LIBRARY_PATH=/turtlebot3_ws/install/turtlebot3_msgs/lib:/turtlebot3_ws/install/dynamixel_sdk/lib:${LD_LIBRARY_PATH} PYTHONPATH=/turtlebot3_ws/install/turtlebot3_msgs/lib/python3.8/site-packages:${PYTHONPATH} /usr/bin/cmake /turtlebot3_ws/src/turtlebot3/turtlebot3_node -DAMENT_CMAKE_SYMLINK_INSTALL=1 -DCMAKE_INSTALL_PREFIX=/turtlebot3_ws/install/turtlebot3_node
[2.652s] Invoking command in '/turtlebot3_ws/build/turtlebot3_node': AMENT_PREFIX_PATH=/turtlebot3_ws/install/turtlebot3_msgs:/turtlebot3_ws/install/dynamixel_sdk:${AMENT_PREFIX_PATH} CMAKE_PREFIX_PATH=/turtlebot3_ws/install/turtlebot3_msgs:/turtlebot3_ws/install/dynamixel_sdk:/opt/ros/foxy LD_LIBRARY_PATH=/turtlebot3_ws/install/turtlebot3_msgs/lib:/turtlebot3_ws/install/dynamixel_sdk/lib:${LD_LIBRARY_PATH} PYTHONPATH=/turtlebot3_ws/install/turtlebot3_msgs/lib/python3.8/site-packages:${PYTHONPATH} /usr/bin/cmake --build /turtlebot3_ws/build/turtlebot3_node -- -j12 -l12
[2.706s] [35m[1mScanning dependencies of target turtlebot3_node_lib[0m
[2.800s] [  7%] [32mBuilding CXX object CMakeFiles/turtlebot3_node_lib.dir/src/devices/reset.cpp.o[0m
[2.802s] [ 14%] [32mBuilding CXX object CMakeFiles/turtlebot3_node_lib.dir/src/devices/sound.cpp.o[0m
[2.803s] [ 21%] [32mBuilding CXX object CMakeFiles/turtlebot3_node_lib.dir/src/devices/motor_power.cpp.o[0m
[2.806s] [ 28%] [32mBuilding CXX object CMakeFiles/turtlebot3_node_lib.dir/src/diff_drive_controller.cpp.o[0m
[2.808s] [ 35%] [32mBuilding CXX object CMakeFiles/turtlebot3_node_lib.dir/src/turtlebot3.cpp.o[0m
[2.811s] [ 42%] [32mBuilding CXX object CMakeFiles/turtlebot3_node_lib.dir/src/odometry.cpp.o[0m
[2.811s] [ 50%] [32mBuilding CXX object CMakeFiles/turtlebot3_node_lib.dir/src/dynamixel_sdk_wrapper.cpp.o[0m
[2.826s] [ 57%] [32mBuilding CXX object CMakeFiles/turtlebot3_node_lib.dir/src/sensors/battery_state.cpp.o[0m
[2.831s] [ 64%] [32mBuilding CXX object CMakeFiles/turtlebot3_node_lib.dir/src/sensors/imu.cpp.o[0m
[2.934s] [ 71%] [32mBuilding CXX object CMakeFiles/turtlebot3_node_lib.dir/src/sensors/joint_state.cpp.o[0m
[2.942s] [ 78%] [32mBuilding CXX object CMakeFiles/turtlebot3_node_lib.dir/src/sensors/sensor_state.cpp.o[0m
[15.080s] [ 85%] [32m[1mLinking CXX static library libturtlebot3_node_lib.a[0m
[15.295s] [ 85%] Built target turtlebot3_node_lib
[15.304s] [35m[1mScanning dependencies of target turtlebot3_ros[0m
[15.343s] [ 92%] [32mBuilding CXX object CMakeFiles/turtlebot3_ros.dir/src/node_main.cpp.o[0m
[17.264s] [100%] [32m[1mLinking CXX executable turtlebot3_ros[0m
[18.367s] [100%] Built target turtlebot3_ros
[18.381s] Invoked command in '/turtlebot3_ws/build/turtlebot3_node' returned '0': AMENT_PREFIX_PATH=/turtlebot3_ws/install/turtlebot3_msgs:/turtlebot3_ws/install/dynamixel_sdk:${AMENT_PREFIX_PATH} CMAKE_PREFIX_PATH=/turtlebot3_ws/install/turtlebot3_msgs:/turtlebot3_ws/install/dynamixel_sdk:/opt/ros/foxy LD_LIBRARY_PATH=/turtlebot3_ws/install/turtlebot3_msgs/lib:/turtlebot3_ws/install/dynamixel_sdk/lib:${LD_LIBRARY_PATH} PYTHONPATH=/turtlebot3_ws/install/turtlebot3_msgs/lib/python3.8/site-packages:${PYTHONPATH} /usr/bin/cmake --build /turtlebot3_ws/build/turtlebot3_node -- -j12 -l12
[18.425s] Invoking command in '/turtlebot3_ws/build/turtlebot3_node': AMENT_PREFIX_PATH=/turtlebot3_ws/install/turtlebot3_msgs:/turtlebot3_ws/install/dynamixel_sdk:${AMENT_PREFIX_PATH} CMAKE_PREFIX_PATH=/turtlebot3_ws/install/turtlebot3_msgs:/turtlebot3_ws/install/dynamixel_sdk:/opt/ros/foxy LD_LIBRARY_PATH=/turtlebot3_ws/install/turtlebot3_msgs/lib:/turtlebot3_ws/install/dynamixel_sdk/lib:${LD_LIBRARY_PATH} PYTHONPATH=/turtlebot3_ws/install/turtlebot3_msgs/lib/python3.8/site-packages:${PYTHONPATH} /usr/bin/cmake --install /turtlebot3_ws/build/turtlebot3_node
[18.434s] -- Install configuration: ""
[18.434s] -- Execute custom install script
[18.435s] -- Symlinking: /turtlebot3_ws/install/turtlebot3_node/share/turtlebot3_node/param/burger.yaml
[18.442s] -- Symlinking: /turtlebot3_ws/install/turtlebot3_node/share/turtlebot3_node/param/waffle.yaml
[18.451s] -- Symlinking: /turtlebot3_ws/install/turtlebot3_node/share/turtlebot3_node/param/waffle_pi.yaml
[18.460s] -- Symlinking: /turtlebot3_ws/install/turtlebot3_node/lib/turtlebot3_node/turtlebot3_ros
[18.469s] -- Symlinking: /turtlebot3_ws/install/turtlebot3_node/share/ament_index/resource_index/package_run_dependencies/turtlebot3_node
[18.479s] -- Symlinking: /turtlebot3_ws/install/turtlebot3_node/share/ament_index/resource_index/parent_prefix_path/turtlebot3_node
[18.487s] -- Symlinking: /turtlebot3_ws/install/turtlebot3_node/share/turtlebot3_node/environment/ament_prefix_path.sh
[18.495s] -- Symlinking: /turtlebot3_ws/install/turtlebot3_node/share/turtlebot3_node/environment/ament_prefix_path.dsv
[18.503s] -- Symlinking: /turtlebot3_ws/install/turtlebot3_node/share/turtlebot3_node/environment/path.sh
[18.511s] -- Symlinking: /turtlebot3_ws/install/turtlebot3_node/share/turtlebot3_node/environment/path.dsv
[18.518s] -- Symlinking: /turtlebot3_ws/install/turtlebot3_node/share/turtlebot3_node/local_setup.bash
[18.528s] -- Symlinking: /turtlebot3_ws/install/turtlebot3_node/share/turtlebot3_node/local_setup.sh
[18.538s] -- Symlinking: /turtlebot3_ws/install/turtlebot3_node/share/turtlebot3_node/local_setup.zsh
[18.547s] -- Symlinking: /turtlebot3_ws/install/turtlebot3_node/share/turtlebot3_node/local_setup.dsv
[18.555s] -- Symlinking: /turtlebot3_ws/install/turtlebot3_node/share/turtlebot3_node/package.dsv
[18.563s] -- Symlinking: /turtlebot3_ws/install/turtlebot3_node/share/ament_index/resource_index/packages/turtlebot3_node
[18.571s] -- Symlinking: /turtlebot3_ws/install/turtlebot3_node/share/turtlebot3_node/cmake/ament_cmake_export_include_directories-extras.cmake
[18.579s] -- Symlinking: /turtlebot3_ws/install/turtlebot3_node/share/turtlebot3_node/cmake/turtlebot3_nodeConfig.cmake
[18.587s] -- Symlinking: /turtlebot3_ws/install/turtlebot3_node/share/turtlebot3_node/cmake/turtlebot3_nodeConfig-version.cmake
[18.594s] -- Symlinking: /turtlebot3_ws/install/turtlebot3_node/share/turtlebot3_node/package.xml
[18.605s] Invoked command in '/turtlebot3_ws/build/turtlebot3_node' returned '0': AMENT_PREFIX_PATH=/turtlebot3_ws/install/turtlebot3_msgs:/turtlebot3_ws/install/dynamixel_sdk:${AMENT_PREFIX_PATH} CMAKE_PREFIX_PATH=/turtlebot3_ws/install/turtlebot3_msgs:/turtlebot3_ws/install/dynamixel_sdk:/opt/ros/foxy LD_LIBRARY_PATH=/turtlebot3_ws/install/turtlebot3_msgs/lib:/turtlebot3_ws/install/dynamixel_sdk/lib:${LD_LIBRARY_PATH} PYTHONPATH=/turtlebot3_ws/install/turtlebot3_msgs/lib/python3.8/site-packages:${PYTHONPATH} /usr/bin/cmake --install /turtlebot3_ws/build/turtlebot3_node
