[0.075s] Invoking command in '/turtlebot3_ws/build/turtlebot3_description': CMAKE_PREFIX_PATH=/opt/ros/foxy /usr/bin/cmake /turtlebot3_ws/src/turtlebot3/turtlebot3_description -DAMENT_CMAKE_SYMLINK_INSTALL=1 -DCMAKE_INSTALL_PREFIX=/turtlebot3_ws/install/turtlebot3_description
[0.526s] -- The C compiler identification is GNU 9.4.0
[0.528s] -- The CXX compiler identification is GNU 9.4.0
[0.528s] -- Check for working C compiler: /usr/bin/cc
[0.528s] -- Check for working C compiler: /usr/bin/cc -- works
[0.528s] -- Detecting C compiler ABI info
[0.557s] -- Detecting C compiler ABI info - done
[0.579s] -- Detecting C compile features
[0.579s] -- Detecting C compile features - done
[0.584s] -- Check for working CXX compiler: /usr/bin/c++
[0.745s] -- Check for working CXX compiler: /usr/bin/c++ -- works
[0.747s] -- Detecting CXX compiler ABI info
[0.914s] -- Detecting CXX compiler ABI info - done
[0.938s] -- Detecting CXX compile features
[0.939s] -- Detecting CXX compile features - done
[0.947s] -- Found ament_cmake: 0.9.9 (/opt/ros/foxy/share/ament_cmake/cmake)
[1.000s] -- Found PythonInterp: /usr/bin/python3 (found suitable version "3.8.10", minimum required is "3") 
[1.000s] -- Using PYTHON_EXECUTABLE: /usr/bin/python3
[1.346s] -- Override CMake install command with custom implementation using symlinks instead of copying resources
[1.413s] -- Found urdf: 2.4.0 (/opt/ros/foxy/share/urdf/cmake)
[1.639s] -- Configuring done
[1.644s] -- Generating done
[1.647s] -- Build files have been written to: /turtlebot3_ws/build/turtlebot3_description
[1.682s] Invoked command in '/turtlebot3_ws/build/turtlebot3_description' returned '0': CMAKE_PREFIX_PATH=/opt/ros/foxy /usr/bin/cmake /turtlebot3_ws/src/turtlebot3/turtlebot3_description -DAMENT_CMAKE_SYMLINK_INSTALL=1 -DCMAKE_INSTALL_PREFIX=/turtlebot3_ws/install/turtlebot3_description
[1.689s] Invoking command in '/turtlebot3_ws/build/turtlebot3_description': CMAKE_PREFIX_PATH=/opt/ros/foxy /usr/bin/cmake --build /turtlebot3_ws/build/turtlebot3_description -- -j12 -l12
[1.900s] Invoked command in '/turtlebot3_ws/build/turtlebot3_description' returned '0': CMAKE_PREFIX_PATH=/opt/ros/foxy /usr/bin/cmake --build /turtlebot3_ws/build/turtlebot3_description -- -j12 -l12
[2.012s] Invoking command in '/turtlebot3_ws/build/turtlebot3_description': CMAKE_PREFIX_PATH=/opt/ros/foxy /usr/bin/cmake --install /turtlebot3_ws/build/turtlebot3_description
[2.041s] -- Install configuration: ""
[2.042s] -- Execute custom install script
[2.044s] -- Symlinking: /turtlebot3_ws/install/turtlebot3_description/share/turtlebot3_description/meshes/bases/burger_base.stl
[2.068s] -- Symlinking: /turtlebot3_ws/install/turtlebot3_description/share/turtlebot3_description/meshes/bases/waffle_base.stl
[2.089s] -- Symlinking: /turtlebot3_ws/install/turtlebot3_description/share/turtlebot3_description/meshes/bases/waffle_pi_base.stl
[2.125s] -- Symlinking: /turtlebot3_ws/install/turtlebot3_description/share/turtlebot3_description/meshes/sensors/astra.dae
[2.145s] -- Symlinking: /turtlebot3_ws/install/turtlebot3_description/share/turtlebot3_description/meshes/sensors/astra.jpg
[2.165s] -- Symlinking: /turtlebot3_ws/install/turtlebot3_description/share/turtlebot3_description/meshes/sensors/lds.stl
[2.186s] -- Symlinking: /turtlebot3_ws/install/turtlebot3_description/share/turtlebot3_description/meshes/sensors/r200.dae
[2.203s] -- Symlinking: /turtlebot3_ws/install/turtlebot3_description/share/turtlebot3_description/meshes/sensors/r200.jpg
[2.221s] -- Symlinking: /turtlebot3_ws/install/turtlebot3_description/share/turtlebot3_description/meshes/wheels/left_tire.stl
[2.240s] -- Symlinking: /turtlebot3_ws/install/turtlebot3_description/share/turtlebot3_description/meshes/wheels/right_tire.stl
[2.259s] -- Symlinking: /turtlebot3_ws/install/turtlebot3_description/share/turtlebot3_description/rviz/model.rviz
[2.275s] -- Symlinking: /turtlebot3_ws/install/turtlebot3_description/share/turtlebot3_description/urdf/common_properties.urdf
[2.289s] -- Symlinking: /turtlebot3_ws/install/turtlebot3_description/share/turtlebot3_description/urdf/turtlebot3_burger.urdf
[2.305s] -- Symlinking: /turtlebot3_ws/install/turtlebot3_description/share/turtlebot3_description/urdf/turtlebot3_waffle.urdf
[2.323s] -- Symlinking: /turtlebot3_ws/install/turtlebot3_description/share/turtlebot3_description/urdf/turtlebot3_waffle_pi.urdf
[2.342s] -- Symlinking: /turtlebot3_ws/install/turtlebot3_description/share/ament_index/resource_index/package_run_dependencies/turtlebot3_description
[2.361s] -- Symlinking: /turtlebot3_ws/install/turtlebot3_description/share/ament_index/resource_index/parent_prefix_path/turtlebot3_description
[2.378s] -- Symlinking: /turtlebot3_ws/install/turtlebot3_description/share/turtlebot3_description/environment/ament_prefix_path.sh
[2.396s] -- Symlinking: /turtlebot3_ws/install/turtlebot3_description/share/turtlebot3_description/environment/ament_prefix_path.dsv
[2.413s] -- Symlinking: /turtlebot3_ws/install/turtlebot3_description/share/turtlebot3_description/environment/path.sh
[2.430s] -- Symlinking: /turtlebot3_ws/install/turtlebot3_description/share/turtlebot3_description/environment/path.dsv
[2.447s] -- Symlinking: /turtlebot3_ws/install/turtlebot3_description/share/turtlebot3_description/local_setup.bash
[2.459s] -- Symlinking: /turtlebot3_ws/install/turtlebot3_description/share/turtlebot3_description/local_setup.sh
[2.476s] -- Symlinking: /turtlebot3_ws/install/turtlebot3_description/share/turtlebot3_description/local_setup.zsh
[2.488s] -- Symlinking: /turtlebot3_ws/install/turtlebot3_description/share/turtlebot3_description/local_setup.dsv
[2.502s] -- Symlinking: /turtlebot3_ws/install/turtlebot3_description/share/turtlebot3_description/package.dsv
[2.516s] -- Symlinking: /turtlebot3_ws/install/turtlebot3_description/share/ament_index/resource_index/packages/turtlebot3_description
[2.528s] -- Symlinking: /turtlebot3_ws/install/turtlebot3_description/share/turtlebot3_description/cmake/turtlebot3_descriptionConfig.cmake
[2.541s] -- Symlinking: /turtlebot3_ws/install/turtlebot3_description/share/turtlebot3_description/cmake/turtlebot3_descriptionConfig-version.cmake
[2.553s] -- Symlinking: /turtlebot3_ws/install/turtlebot3_description/share/turtlebot3_description/package.xml
[2.571s] Invoked command in '/turtlebot3_ws/build/turtlebot3_description' returned '0': CMAKE_PREFIX_PATH=/opt/ros/foxy /usr/bin/cmake --install /turtlebot3_ws/build/turtlebot3_description
