[0.019s] Invoking command in '/turtlebot3_ws/build/turtlebot3_simulations': AMENT_PREFIX_PATH=/turtlebot3_ws/install/turtlebot3_gazebo:/turtlebot3_ws/install/turtlebot3_fake_node:/turtlebot3_ws/install/turtlebot3_msgs:/turtlebot3_ws/install/turtlebot3_description:${AMENT_PREFIX_PATH} CMAKE_PREFIX_PATH=/turtlebot3_ws/install/turtlebot3_gazebo:/turtlebot3_ws/install/turtlebot3_fake_node:/turtlebot3_ws/install/turtlebot3_msgs:/turtlebot3_ws/install/turtlebot3_description:/opt/ros/foxy LD_LIBRARY_PATH=/turtlebot3_ws/install/turtlebot3_msgs/lib:${LD_LIBRARY_PATH} PYTHONPATH=/turtlebot3_ws/install/turtlebot3_msgs/lib/python3.8/site-packages:${PYTHONPATH} /usr/bin/cmake --build /turtlebot3_ws/build/turtlebot3_simulations -- -j12 -l12
[0.071s] Invoked command in '/turtlebot3_ws/build/turtlebot3_simulations' returned '0': AMENT_PREFIX_PATH=/turtlebot3_ws/install/turtlebot3_gazebo:/turtlebot3_ws/install/turtlebot3_fake_node:/turtlebot3_ws/install/turtlebot3_msgs:/turtlebot3_ws/install/turtlebot3_description:${AMENT_PREFIX_PATH} CMAKE_PREFIX_PATH=/turtlebot3_ws/install/turtlebot3_gazebo:/turtlebot3_ws/install/turtlebot3_fake_node:/turtlebot3_ws/install/turtlebot3_msgs:/turtlebot3_ws/install/turtlebot3_description:/opt/ros/foxy LD_LIBRARY_PATH=/turtlebot3_ws/install/turtlebot3_msgs/lib:${LD_LIBRARY_PATH} PYTHONPATH=/turtlebot3_ws/install/turtlebot3_msgs/lib/python3.8/site-packages:${PYTHONPATH} /usr/bin/cmake --build /turtlebot3_ws/build/turtlebot3_simulations -- -j12 -l12
[0.100s] Invoking command in '/turtlebot3_ws/build/turtlebot3_simulations': AMENT_PREFIX_PATH=/turtlebot3_ws/install/turtlebot3_gazebo:/turtlebot3_ws/install/turtlebot3_fake_node:/turtlebot3_ws/install/turtlebot3_msgs:/turtlebot3_ws/install/turtlebot3_description:${AMENT_PREFIX_PATH} CMAKE_PREFIX_PATH=/turtlebot3_ws/install/turtlebot3_gazebo:/turtlebot3_ws/install/turtlebot3_fake_node:/turtlebot3_ws/install/turtlebot3_msgs:/turtlebot3_ws/install/turtlebot3_description:/opt/ros/foxy LD_LIBRARY_PATH=/turtlebot3_ws/install/turtlebot3_msgs/lib:${LD_LIBRARY_PATH} PYTHONPATH=/turtlebot3_ws/install/turtlebot3_msgs/lib/python3.8/site-packages:${PYTHONPATH} /usr/bin/cmake --install /turtlebot3_ws/build/turtlebot3_simulations
[0.110s] -- Install configuration: ""
[0.111s] -- Execute custom install script
[0.111s] -- Up-to-date symlink: /turtlebot3_ws/install/turtlebot3_simulations/share/ament_index/resource_index/package_run_dependencies/turtlebot3_simulations
[0.111s] -- Up-to-date symlink: /turtlebot3_ws/install/turtlebot3_simulations/share/ament_index/resource_index/parent_prefix_path/turtlebot3_simulations
[0.112s] -- Up-to-date symlink: /turtlebot3_ws/install/turtlebot3_simulations/share/turtlebot3_simulations/environment/ament_prefix_path.sh
[0.112s] -- Up-to-date symlink: /turtlebot3_ws/install/turtlebot3_simulations/share/turtlebot3_simulations/environment/ament_prefix_path.dsv
[0.112s] -- Up-to-date symlink: /turtlebot3_ws/install/turtlebot3_simulations/share/turtlebot3_simulations/environment/path.sh
[0.113s] -- Up-to-date symlink: /turtlebot3_ws/install/turtlebot3_simulations/share/turtlebot3_simulations/environment/path.dsv
[0.113s] -- Up-to-date symlink: /turtlebot3_ws/install/turtlebot3_simulations/share/turtlebot3_simulations/local_setup.bash
[0.113s] -- Up-to-date symlink: /turtlebot3_ws/install/turtlebot3_simulations/share/turtlebot3_simulations/local_setup.sh
[0.114s] -- Up-to-date symlink: /turtlebot3_ws/install/turtlebot3_simulations/share/turtlebot3_simulations/local_setup.zsh
[0.114s] -- Up-to-date symlink: /turtlebot3_ws/install/turtlebot3_simulations/share/turtlebot3_simulations/local_setup.dsv
[0.114s] -- Symlinking: /turtlebot3_ws/install/turtlebot3_simulations/share/turtlebot3_simulations/package.dsv
[0.126s] -- Up-to-date symlink: /turtlebot3_ws/install/turtlebot3_simulations/share/ament_index/resource_index/packages/turtlebot3_simulations
[0.127s] -- Up-to-date symlink: /turtlebot3_ws/install/turtlebot3_simulations/share/turtlebot3_simulations/cmake/turtlebot3_simulationsConfig.cmake
[0.128s] -- Up-to-date symlink: /turtlebot3_ws/install/turtlebot3_simulations/share/turtlebot3_simulations/cmake/turtlebot3_simulationsConfig-version.cmake
[0.128s] -- Up-to-date symlink: /turtlebot3_ws/install/turtlebot3_simulations/share/turtlebot3_simulations/package.xml
[0.133s] Invoked command in '/turtlebot3_ws/build/turtlebot3_simulations' returned '0': AMENT_PREFIX_PATH=/turtlebot3_ws/install/turtlebot3_gazebo:/turtlebot3_ws/install/turtlebot3_fake_node:/turtlebot3_ws/install/turtlebot3_msgs:/turtlebot3_ws/install/turtlebot3_description:${AMENT_PREFIX_PATH} CMAKE_PREFIX_PATH=/turtlebot3_ws/install/turtlebot3_gazebo:/turtlebot3_ws/install/turtlebot3_fake_node:/turtlebot3_ws/install/turtlebot3_msgs:/turtlebot3_ws/install/turtlebot3_description:/opt/ros/foxy LD_LIBRARY_PATH=/turtlebot3_ws/install/turtlebot3_msgs/lib:${LD_LIBRARY_PATH} PYTHONPATH=/turtlebot3_ws/install/turtlebot3_msgs/lib/python3.8/site-packages:${PYTHONPATH} /usr/bin/cmake --install /turtlebot3_ws/build/turtlebot3_simulations
