[0.080s] Invoking command in '/turtlebot3_ws/build/turtlebot3_node': AMENT_PREFIX_PATH=/turtlebot3_ws/install/turtlebot3_msgs:/turtlebot3_ws/install/dynamixel_sdk:${AMENT_PREFIX_PATH} CMAKE_PREFIX_PATH=/turtlebot3_ws/install/turtlebot3_msgs:/turtlebot3_ws/install/dynamixel_sdk:/opt/ros/foxy LD_LIBRARY_PATH=/turtlebot3_ws/install/turtlebot3_msgs/lib:/turtlebot3_ws/install/dynamixel_sdk/lib:${LD_LIBRARY_PATH} PYTHONPATH=/turtlebot3_ws/install/turtlebot3_msgs/lib/python3.8/site-packages:${PYTHONPATH} /usr/bin/cmake --build /turtlebot3_ws/build/turtlebot3_node -- -j12 -l12
[0.381s] [ 85%] Built target turtlebot3_node_lib
[0.382s] [100%] Built target turtlebot3_ros
[0.410s] Invoked command in '/turtlebot3_ws/build/turtlebot3_node' returned '0': AMENT_PREFIX_PATH=/turtlebot3_ws/install/turtlebot3_msgs:/turtlebot3_ws/install/dynamixel_sdk:${AMENT_PREFIX_PATH} CMAKE_PREFIX_PATH=/turtlebot3_ws/install/turtlebot3_msgs:/turtlebot3_ws/install/dynamixel_sdk:/opt/ros/foxy LD_LIBRARY_PATH=/turtlebot3_ws/install/turtlebot3_msgs/lib:/turtlebot3_ws/install/dynamixel_sdk/lib:${LD_LIBRARY_PATH} PYTHONPATH=/turtlebot3_ws/install/turtlebot3_msgs/lib/python3.8/site-packages:${PYTHONPATH} /usr/bin/cmake --build /turtlebot3_ws/build/turtlebot3_node -- -j12 -l12
[0.469s] Invoking command in '/turtlebot3_ws/build/turtlebot3_node': AMENT_PREFIX_PATH=/turtlebot3_ws/install/turtlebot3_msgs:/turtlebot3_ws/install/dynamixel_sdk:${AMENT_PREFIX_PATH} CMAKE_PREFIX_PATH=/turtlebot3_ws/install/turtlebot3_msgs:/turtlebot3_ws/install/dynamixel_sdk:/opt/ros/foxy LD_LIBRARY_PATH=/turtlebot3_ws/install/turtlebot3_msgs/lib:/turtlebot3_ws/install/dynamixel_sdk/lib:${LD_LIBRARY_PATH} PYTHONPATH=/turtlebot3_ws/install/turtlebot3_msgs/lib/python3.8/site-packages:${PYTHONPATH} /usr/bin/cmake --install /turtlebot3_ws/build/turtlebot3_node
[0.483s] -- Install configuration: ""
[0.484s] -- Execute custom install script
[0.485s] -- Up-to-date symlink: /turtlebot3_ws/install/turtlebot3_node/share/turtlebot3_node/param/burger.yaml
[0.485s] -- Up-to-date symlink: /turtlebot3_ws/install/turtlebot3_node/share/turtlebot3_node/param/waffle.yaml
[0.485s] -- Up-to-date symlink: /turtlebot3_ws/install/turtlebot3_node/share/turtlebot3_node/param/waffle_pi.yaml
[0.486s] -- Up-to-date symlink: /turtlebot3_ws/install/turtlebot3_node/lib/turtlebot3_node/turtlebot3_ros
[0.486s] -- Up-to-date symlink: /turtlebot3_ws/install/turtlebot3_node/share/ament_index/resource_index/package_run_dependencies/turtlebot3_node
[0.486s] -- Up-to-date symlink: /turtlebot3_ws/install/turtlebot3_node/share/ament_index/resource_index/parent_prefix_path/turtlebot3_node
[0.487s] -- Up-to-date symlink: /turtlebot3_ws/install/turtlebot3_node/share/turtlebot3_node/environment/ament_prefix_path.sh
[0.487s] -- Up-to-date symlink: /turtlebot3_ws/install/turtlebot3_node/share/turtlebot3_node/environment/ament_prefix_path.dsv
[0.487s] -- Up-to-date symlink: /turtlebot3_ws/install/turtlebot3_node/share/turtlebot3_node/environment/path.sh
[0.488s] -- Up-to-date symlink: /turtlebot3_ws/install/turtlebot3_node/share/turtlebot3_node/environment/path.dsv
[0.488s] -- Up-to-date symlink: /turtlebot3_ws/install/turtlebot3_node/share/turtlebot3_node/local_setup.bash
[0.488s] -- Up-to-date symlink: /turtlebot3_ws/install/turtlebot3_node/share/turtlebot3_node/local_setup.sh
[0.489s] -- Up-to-date symlink: /turtlebot3_ws/install/turtlebot3_node/share/turtlebot3_node/local_setup.zsh
[0.489s] -- Up-to-date symlink: /turtlebot3_ws/install/turtlebot3_node/share/turtlebot3_node/local_setup.dsv
[0.489s] -- Symlinking: /turtlebot3_ws/install/turtlebot3_node/share/turtlebot3_node/package.dsv
[0.501s] -- Up-to-date symlink: /turtlebot3_ws/install/turtlebot3_node/share/ament_index/resource_index/packages/turtlebot3_node
[0.502s] -- Up-to-date symlink: /turtlebot3_ws/install/turtlebot3_node/share/turtlebot3_node/cmake/ament_cmake_export_include_directories-extras.cmake
[0.502s] -- Up-to-date symlink: /turtlebot3_ws/install/turtlebot3_node/share/turtlebot3_node/cmake/turtlebot3_nodeConfig.cmake
[0.502s] -- Up-to-date symlink: /turtlebot3_ws/install/turtlebot3_node/share/turtlebot3_node/cmake/turtlebot3_nodeConfig-version.cmake
[0.503s] -- Up-to-date symlink: /turtlebot3_ws/install/turtlebot3_node/share/turtlebot3_node/package.xml
[0.507s] Invoked command in '/turtlebot3_ws/build/turtlebot3_node' returned '0': AMENT_PREFIX_PATH=/turtlebot3_ws/install/turtlebot3_msgs:/turtlebot3_ws/install/dynamixel_sdk:${AMENT_PREFIX_PATH} CMAKE_PREFIX_PATH=/turtlebot3_ws/install/turtlebot3_msgs:/turtlebot3_ws/install/dynamixel_sdk:/opt/ros/foxy LD_LIBRARY_PATH=/turtlebot3_ws/install/turtlebot3_msgs/lib:/turtlebot3_ws/install/dynamixel_sdk/lib:${LD_LIBRARY_PATH} PYTHONPATH=/turtlebot3_ws/install/turtlebot3_msgs/lib/python3.8/site-packages:${PYTHONPATH} /usr/bin/cmake --install /turtlebot3_ws/build/turtlebot3_node
