[0.026s] Invoking command in '/turtlebot3_ws/build/turtlebot3_bringup': AMENT_PREFIX_PATH=/turtlebot3_ws/install/turtlebot3_node:/turtlebot3_ws/install/turtlebot3_msgs:/turtlebot3_ws/install/turtlebot3_description:/turtlebot3_ws/install/hls_lfcd_lds_driver:/turtlebot3_ws/install/dynamixel_sdk:${AMENT_PREFIX_PATH} CMAKE_PREFIX_PATH=/turtlebot3_ws/install/turtlebot3_node:/turtlebot3_ws/install/turtlebot3_msgs:/turtlebot3_ws/install/turtlebot3_description:/turtlebot3_ws/install/hls_lfcd_lds_driver:/turtlebot3_ws/install/dynamixel_sdk:/opt/ros/foxy LD_LIBRARY_PATH=/turtlebot3_ws/install/turtlebot3_msgs/lib:/turtlebot3_ws/install/dynamixel_sdk/lib:${LD_LIBRARY_PATH} PYTHONPATH=/turtlebot3_ws/install/turtlebot3_msgs/lib/python3.8/site-packages:${PYTHONPATH} /usr/bin/cmake --build /turtlebot3_ws/build/turtlebot3_bringup -- -j12 -l12
[0.082s] Invoked command in '/turtlebot3_ws/build/turtlebot3_bringup' returned '0': AMENT_PREFIX_PATH=/turtlebot3_ws/install/turtlebot3_node:/turtlebot3_ws/install/turtlebot3_msgs:/turtlebot3_ws/install/turtlebot3_description:/turtlebot3_ws/install/hls_lfcd_lds_driver:/turtlebot3_ws/install/dynamixel_sdk:${AMENT_PREFIX_PATH} CMAKE_PREFIX_PATH=/turtlebot3_ws/install/turtlebot3_node:/turtlebot3_ws/install/turtlebot3_msgs:/turtlebot3_ws/install/turtlebot3_description:/turtlebot3_ws/install/hls_lfcd_lds_driver:/turtlebot3_ws/install/dynamixel_sdk:/opt/ros/foxy LD_LIBRARY_PATH=/turtlebot3_ws/install/turtlebot3_msgs/lib:/turtlebot3_ws/install/dynamixel_sdk/lib:${LD_LIBRARY_PATH} PYTHONPATH=/turtlebot3_ws/install/turtlebot3_msgs/lib/python3.8/site-packages:${PYTHONPATH} /usr/bin/cmake --build /turtlebot3_ws/build/turtlebot3_bringup -- -j12 -l12
[0.110s] Invoking command in '/turtlebot3_ws/build/turtlebot3_bringup': AMENT_PREFIX_PATH=/turtlebot3_ws/install/turtlebot3_node:/turtlebot3_ws/install/turtlebot3_msgs:/turtlebot3_ws/install/turtlebot3_description:/turtlebot3_ws/install/hls_lfcd_lds_driver:/turtlebot3_ws/install/dynamixel_sdk:${AMENT_PREFIX_PATH} CMAKE_PREFIX_PATH=/turtlebot3_ws/install/turtlebot3_node:/turtlebot3_ws/install/turtlebot3_msgs:/turtlebot3_ws/install/turtlebot3_description:/turtlebot3_ws/install/hls_lfcd_lds_driver:/turtlebot3_ws/install/dynamixel_sdk:/opt/ros/foxy LD_LIBRARY_PATH=/turtlebot3_ws/install/turtlebot3_msgs/lib:/turtlebot3_ws/install/dynamixel_sdk/lib:${LD_LIBRARY_PATH} PYTHONPATH=/turtlebot3_ws/install/turtlebot3_msgs/lib/python3.8/site-packages:${PYTHONPATH} /usr/bin/cmake --install /turtlebot3_ws/build/turtlebot3_bringup
[0.123s] -- Install configuration: ""
[0.123s] -- Execute custom install script
[0.124s] -- Up-to-date symlink: /turtlebot3_ws/install/turtlebot3_bringup/share/turtlebot3_bringup/launch/robot.launch.py
[0.124s] -- Up-to-date symlink: /turtlebot3_ws/install/turtlebot3_bringup/share/turtlebot3_bringup/launch/rviz2.launch.py
[0.124s] -- Up-to-date symlink: /turtlebot3_ws/install/turtlebot3_bringup/share/turtlebot3_bringup/launch/turtlebot3_state_publisher.launch.py
[0.125s] -- Up-to-date symlink: /turtlebot3_ws/install/turtlebot3_bringup/share/turtlebot3_bringup/param/burger.yaml
[0.125s] -- Up-to-date symlink: /turtlebot3_ws/install/turtlebot3_bringup/share/turtlebot3_bringup/param/waffle.yaml
[0.125s] -- Up-to-date symlink: /turtlebot3_ws/install/turtlebot3_bringup/share/turtlebot3_bringup/param/waffle_pi.yaml
[0.126s] -- Up-to-date symlink: /turtlebot3_ws/install/turtlebot3_bringup/share/turtlebot3_bringup/script/99-turtlebot3-cdc.rules
[0.126s] -- Up-to-date symlink: /turtlebot3_ws/install/turtlebot3_bringup/share/turtlebot3_bringup/script/create_udev_rules
[0.126s] -- Up-to-date symlink: /turtlebot3_ws/install/turtlebot3_bringup/share/ament_index/resource_index/package_run_dependencies/turtlebot3_bringup
[0.126s] -- Up-to-date symlink: /turtlebot3_ws/install/turtlebot3_bringup/share/ament_index/resource_index/parent_prefix_path/turtlebot3_bringup
[0.127s] -- Up-to-date symlink: /turtlebot3_ws/install/turtlebot3_bringup/share/turtlebot3_bringup/environment/ament_prefix_path.sh
[0.127s] -- Up-to-date symlink: /turtlebot3_ws/install/turtlebot3_bringup/share/turtlebot3_bringup/environment/ament_prefix_path.dsv
[0.128s] -- Up-to-date symlink: /turtlebot3_ws/install/turtlebot3_bringup/share/turtlebot3_bringup/environment/path.sh
[0.128s] -- Up-to-date symlink: /turtlebot3_ws/install/turtlebot3_bringup/share/turtlebot3_bringup/environment/path.dsv
[0.128s] -- Up-to-date symlink: /turtlebot3_ws/install/turtlebot3_bringup/share/turtlebot3_bringup/local_setup.bash
[0.128s] -- Up-to-date symlink: /turtlebot3_ws/install/turtlebot3_bringup/share/turtlebot3_bringup/local_setup.sh
[0.129s] -- Up-to-date symlink: /turtlebot3_ws/install/turtlebot3_bringup/share/turtlebot3_bringup/local_setup.zsh
[0.130s] -- Up-to-date symlink: /turtlebot3_ws/install/turtlebot3_bringup/share/turtlebot3_bringup/local_setup.dsv
[0.130s] -- Symlinking: /turtlebot3_ws/install/turtlebot3_bringup/share/turtlebot3_bringup/package.dsv
[0.141s] -- Up-to-date symlink: /turtlebot3_ws/install/turtlebot3_bringup/share/ament_index/resource_index/packages/turtlebot3_bringup
[0.141s] -- Up-to-date symlink: /turtlebot3_ws/install/turtlebot3_bringup/share/turtlebot3_bringup/cmake/turtlebot3_bringupConfig.cmake
[0.141s] -- Up-to-date symlink: /turtlebot3_ws/install/turtlebot3_bringup/share/turtlebot3_bringup/cmake/turtlebot3_bringupConfig-version.cmake
[0.141s] -- Up-to-date symlink: /turtlebot3_ws/install/turtlebot3_bringup/share/turtlebot3_bringup/package.xml
[0.145s] Invoked command in '/turtlebot3_ws/build/turtlebot3_bringup' returned '0': AMENT_PREFIX_PATH=/turtlebot3_ws/install/turtlebot3_node:/turtlebot3_ws/install/turtlebot3_msgs:/turtlebot3_ws/install/turtlebot3_description:/turtlebot3_ws/install/hls_lfcd_lds_driver:/turtlebot3_ws/install/dynamixel_sdk:${AMENT_PREFIX_PATH} CMAKE_PREFIX_PATH=/turtlebot3_ws/install/turtlebot3_node:/turtlebot3_ws/install/turtlebot3_msgs:/turtlebot3_ws/install/turtlebot3_description:/turtlebot3_ws/install/hls_lfcd_lds_driver:/turtlebot3_ws/install/dynamixel_sdk:/opt/ros/foxy LD_LIBRARY_PATH=/turtlebot3_ws/install/turtlebot3_msgs/lib:/turtlebot3_ws/install/dynamixel_sdk/lib:${LD_LIBRARY_PATH} PYTHONPATH=/turtlebot3_ws/install/turtlebot3_msgs/lib/python3.8/site-packages:${PYTHONPATH} /usr/bin/cmake --install /turtlebot3_ws/build/turtlebot3_bringup
