[0.015s] Invoking command in '/turtlebot3_ws/build/turtlebot3_bringup': AMENT_PREFIX_PATH=/turtlebot3_ws/install/turtlebot3_node:/turtlebot3_ws/install/turtlebot3_msgs:/turtlebot3_ws/install/turtlebot3_description:/turtlebot3_ws/install/hls_lfcd_lds_driver:/turtlebot3_ws/install/dynamixel_sdk:${AMENT_PREFIX_PATH} CMAKE_PREFIX_PATH=/turtlebot3_ws/install/turtlebot3_node:/turtlebot3_ws/install/turtlebot3_msgs:/turtlebot3_ws/install/turtlebot3_description:/turtlebot3_ws/install/hls_lfcd_lds_driver:/turtlebot3_ws/install/dynamixel_sdk:/opt/ros/foxy LD_LIBRARY_PATH=/turtlebot3_ws/install/turtlebot3_msgs/lib:/turtlebot3_ws/install/dynamixel_sdk/lib:${LD_LIBRARY_PATH} PYTHONPATH=/turtlebot3_ws/install/turtlebot3_msgs/lib/python3.8/site-packages:${PYTHONPATH} /usr/bin/cmake /turtlebot3_ws/src/turtlebot3/turtlebot3_bringup -DAMENT_CMAKE_SYMLINK_INSTALL=1 -DCMAKE_INSTALL_PREFIX=/turtlebot3_ws/install/turtlebot3_bringup
[0.070s] -- The C compiler identification is GNU 9.4.0
[0.116s] -- The CXX compiler identification is GNU 9.4.0
[0.120s] -- Check for working C compiler: /usr/bin/cc
[0.184s] -- Check for working C compiler: /usr/bin/cc -- works
[0.186s] -- Detecting C compiler ABI info
[0.246s] -- Detecting C compiler ABI info - done
[0.257s] -- Detecting C compile features
[0.257s] -- Detecting C compile features - done
[0.259s] -- Check for working CXX compiler: /usr/bin/c++
[0.328s] -- Check for working CXX compiler: /usr/bin/c++ -- works
[0.329s] -- Detecting CXX compiler ABI info
[0.399s] -- Detecting CXX compiler ABI info - done
[0.417s] -- Detecting CXX compile features
[0.418s] -- Detecting CXX compile features - done
[0.424s] -- Found ament_cmake: 0.9.9 (/opt/ros/foxy/share/ament_cmake/cmake)
[0.450s] -- Found PythonInterp: /usr/bin/python3 (found suitable version "3.8.10", minimum required is "3") 
[0.450s] -- Using PYTHON_EXECUTABLE: /usr/bin/python3
[0.578s] -- Override CMake install command with custom implementation using symlinks instead of copying resources
[0.690s] -- Configuring done
[0.693s] -- Generating done
[0.694s] -- Build files have been written to: /turtlebot3_ws/build/turtlebot3_bringup
[0.699s] Invoked command in '/turtlebot3_ws/build/turtlebot3_bringup' returned '0': AMENT_PREFIX_PATH=/turtlebot3_ws/install/turtlebot3_node:/turtlebot3_ws/install/turtlebot3_msgs:/turtlebot3_ws/install/turtlebot3_description:/turtlebot3_ws/install/hls_lfcd_lds_driver:/turtlebot3_ws/install/dynamixel_sdk:${AMENT_PREFIX_PATH} CMAKE_PREFIX_PATH=/turtlebot3_ws/install/turtlebot3_node:/turtlebot3_ws/install/turtlebot3_msgs:/turtlebot3_ws/install/turtlebot3_description:/turtlebot3_ws/install/hls_lfcd_lds_driver:/turtlebot3_ws/install/dynamixel_sdk:/opt/ros/foxy LD_LIBRARY_PATH=/turtlebot3_ws/install/turtlebot3_msgs/lib:/turtlebot3_ws/install/dynamixel_sdk/lib:${LD_LIBRARY_PATH} PYTHONPATH=/turtlebot3_ws/install/turtlebot3_msgs/lib/python3.8/site-packages:${PYTHONPATH} /usr/bin/cmake /turtlebot3_ws/src/turtlebot3/turtlebot3_bringup -DAMENT_CMAKE_SYMLINK_INSTALL=1 -DCMAKE_INSTALL_PREFIX=/turtlebot3_ws/install/turtlebot3_bringup
[0.703s] Invoking command in '/turtlebot3_ws/build/turtlebot3_bringup': AMENT_PREFIX_PATH=/turtlebot3_ws/install/turtlebot3_node:/turtlebot3_ws/install/turtlebot3_msgs:/turtlebot3_ws/install/turtlebot3_description:/turtlebot3_ws/install/hls_lfcd_lds_driver:/turtlebot3_ws/install/dynamixel_sdk:${AMENT_PREFIX_PATH} CMAKE_PREFIX_PATH=/turtlebot3_ws/install/turtlebot3_node:/turtlebot3_ws/install/turtlebot3_msgs:/turtlebot3_ws/install/turtlebot3_description:/turtlebot3_ws/install/hls_lfcd_lds_driver:/turtlebot3_ws/install/dynamixel_sdk:/opt/ros/foxy LD_LIBRARY_PATH=/turtlebot3_ws/install/turtlebot3_msgs/lib:/turtlebot3_ws/install/dynamixel_sdk/lib:${LD_LIBRARY_PATH} PYTHONPATH=/turtlebot3_ws/install/turtlebot3_msgs/lib/python3.8/site-packages:${PYTHONPATH} /usr/bin/cmake --build /turtlebot3_ws/build/turtlebot3_bringup -- -j12 -l12
[0.741s] Invoked command in '/turtlebot3_ws/build/turtlebot3_bringup' returned '0': AMENT_PREFIX_PATH=/turtlebot3_ws/install/turtlebot3_node:/turtlebot3_ws/install/turtlebot3_msgs:/turtlebot3_ws/install/turtlebot3_description:/turtlebot3_ws/install/hls_lfcd_lds_driver:/turtlebot3_ws/install/dynamixel_sdk:${AMENT_PREFIX_PATH} CMAKE_PREFIX_PATH=/turtlebot3_ws/install/turtlebot3_node:/turtlebot3_ws/install/turtlebot3_msgs:/turtlebot3_ws/install/turtlebot3_description:/turtlebot3_ws/install/hls_lfcd_lds_driver:/turtlebot3_ws/install/dynamixel_sdk:/opt/ros/foxy LD_LIBRARY_PATH=/turtlebot3_ws/install/turtlebot3_msgs/lib:/turtlebot3_ws/install/dynamixel_sdk/lib:${LD_LIBRARY_PATH} PYTHONPATH=/turtlebot3_ws/install/turtlebot3_msgs/lib/python3.8/site-packages:${PYTHONPATH} /usr/bin/cmake --build /turtlebot3_ws/build/turtlebot3_bringup -- -j12 -l12
[0.762s] Invoking command in '/turtlebot3_ws/build/turtlebot3_bringup': AMENT_PREFIX_PATH=/turtlebot3_ws/install/turtlebot3_node:/turtlebot3_ws/install/turtlebot3_msgs:/turtlebot3_ws/install/turtlebot3_description:/turtlebot3_ws/install/hls_lfcd_lds_driver:/turtlebot3_ws/install/dynamixel_sdk:${AMENT_PREFIX_PATH} CMAKE_PREFIX_PATH=/turtlebot3_ws/install/turtlebot3_node:/turtlebot3_ws/install/turtlebot3_msgs:/turtlebot3_ws/install/turtlebot3_description:/turtlebot3_ws/install/hls_lfcd_lds_driver:/turtlebot3_ws/install/dynamixel_sdk:/opt/ros/foxy LD_LIBRARY_PATH=/turtlebot3_ws/install/turtlebot3_msgs/lib:/turtlebot3_ws/install/dynamixel_sdk/lib:${LD_LIBRARY_PATH} PYTHONPATH=/turtlebot3_ws/install/turtlebot3_msgs/lib/python3.8/site-packages:${PYTHONPATH} /usr/bin/cmake --install /turtlebot3_ws/build/turtlebot3_bringup
[0.771s] -- Install configuration: ""
[0.771s] -- Execute custom install script
[0.772s] -- Symlinking: /turtlebot3_ws/install/turtlebot3_bringup/share/turtlebot3_bringup/launch/robot.launch.py
[0.780s] -- Symlinking: /turtlebot3_ws/install/turtlebot3_bringup/share/turtlebot3_bringup/launch/rviz2.launch.py
[0.791s] -- Symlinking: /turtlebot3_ws/install/turtlebot3_bringup/share/turtlebot3_bringup/launch/turtlebot3_state_publisher.launch.py
[0.800s] -- Symlinking: /turtlebot3_ws/install/turtlebot3_bringup/share/turtlebot3_bringup/param/burger.yaml
[0.808s] -- Symlinking: /turtlebot3_ws/install/turtlebot3_bringup/share/turtlebot3_bringup/param/waffle.yaml
[0.817s] -- Symlinking: /turtlebot3_ws/install/turtlebot3_bringup/share/turtlebot3_bringup/param/waffle_pi.yaml
[0.826s] -- Symlinking: /turtlebot3_ws/install/turtlebot3_bringup/share/turtlebot3_bringup/script/99-turtlebot3-cdc.rules
[0.838s] -- Symlinking: /turtlebot3_ws/install/turtlebot3_bringup/share/turtlebot3_bringup/script/create_udev_rules
[0.848s] -- Symlinking: /turtlebot3_ws/install/turtlebot3_bringup/share/ament_index/resource_index/package_run_dependencies/turtlebot3_bringup
[0.857s] -- Symlinking: /turtlebot3_ws/install/turtlebot3_bringup/share/ament_index/resource_index/parent_prefix_path/turtlebot3_bringup
[0.867s] -- Symlinking: /turtlebot3_ws/install/turtlebot3_bringup/share/turtlebot3_bringup/environment/ament_prefix_path.sh
[0.876s] -- Symlinking: /turtlebot3_ws/install/turtlebot3_bringup/share/turtlebot3_bringup/environment/ament_prefix_path.dsv
[0.886s] -- Symlinking: /turtlebot3_ws/install/turtlebot3_bringup/share/turtlebot3_bringup/environment/path.sh
[0.894s] -- Symlinking: /turtlebot3_ws/install/turtlebot3_bringup/share/turtlebot3_bringup/environment/path.dsv
[0.904s] -- Symlinking: /turtlebot3_ws/install/turtlebot3_bringup/share/turtlebot3_bringup/local_setup.bash
[0.912s] -- Symlinking: /turtlebot3_ws/install/turtlebot3_bringup/share/turtlebot3_bringup/local_setup.sh
[0.921s] -- Symlinking: /turtlebot3_ws/install/turtlebot3_bringup/share/turtlebot3_bringup/local_setup.zsh
[0.933s] -- Symlinking: /turtlebot3_ws/install/turtlebot3_bringup/share/turtlebot3_bringup/local_setup.dsv
[0.944s] -- Symlinking: /turtlebot3_ws/install/turtlebot3_bringup/share/turtlebot3_bringup/package.dsv
[0.953s] -- Symlinking: /turtlebot3_ws/install/turtlebot3_bringup/share/ament_index/resource_index/packages/turtlebot3_bringup
[0.962s] -- Symlinking: /turtlebot3_ws/install/turtlebot3_bringup/share/turtlebot3_bringup/cmake/turtlebot3_bringupConfig.cmake
[0.972s] -- Symlinking: /turtlebot3_ws/install/turtlebot3_bringup/share/turtlebot3_bringup/cmake/turtlebot3_bringupConfig-version.cmake
[0.981s] -- Symlinking: /turtlebot3_ws/install/turtlebot3_bringup/share/turtlebot3_bringup/package.xml
[0.997s] Invoked command in '/turtlebot3_ws/build/turtlebot3_bringup' returned '0': AMENT_PREFIX_PATH=/turtlebot3_ws/install/turtlebot3_node:/turtlebot3_ws/install/turtlebot3_msgs:/turtlebot3_ws/install/turtlebot3_description:/turtlebot3_ws/install/hls_lfcd_lds_driver:/turtlebot3_ws/install/dynamixel_sdk:${AMENT_PREFIX_PATH} CMAKE_PREFIX_PATH=/turtlebot3_ws/install/turtlebot3_node:/turtlebot3_ws/install/turtlebot3_msgs:/turtlebot3_ws/install/turtlebot3_description:/turtlebot3_ws/install/hls_lfcd_lds_driver:/turtlebot3_ws/install/dynamixel_sdk:/opt/ros/foxy LD_LIBRARY_PATH=/turtlebot3_ws/install/turtlebot3_msgs/lib:/turtlebot3_ws/install/dynamixel_sdk/lib:${LD_LIBRARY_PATH} PYTHONPATH=/turtlebot3_ws/install/turtlebot3_msgs/lib/python3.8/site-packages:${PYTHONPATH} /usr/bin/cmake --install /turtlebot3_ws/build/turtlebot3_bringup
