[0.847s] Invoking command in '/turtlebot3_ws/build/turtlebot3_example': CMAKE_PREFIX_PATH=/turtlebot3_ws/install/turtlebot3_msgs:/turtlebot3_ws/install/turtlebot3:/turtlebot3_ws/install/turtlebot3_simulations:/turtlebot3_ws/install/turtlebot3_bringup:/turtlebot3_ws/install/turtlebot3_node:/turtlebot3_ws/install/turtlebot3_navigation2:/turtlebot3_ws/install/turtlebot3_fake_node:/turtlebot3_ws/install/turtlebot3_gazebo:/turtlebot3_ws/install/turtlebot3_description:/turtlebot3_ws/install/turtlebot3_cartographer:/turtlebot3_ws/install/hls_lfcd_lds_driver:/turtlebot3_ws/install/dynamixel_sdk_examples:/turtlebot3_ws/install/dynamixel_sdk_custom_interfaces:/turtlebot3_ws/install/dynamixel_sdk PYTHONPATH=/turtlebot3_ws/build/turtlebot3_example/prefix_override:/turtlebot3_ws/install/turtlebot3_example/lib/python3.8/site-packages:/turtlebot3_ws/install/turtlebot3_msgs/lib/python3.8/site-packages:/turtlebot3_ws/build/turtlebot3_teleop:/turtlebot3_ws/install/turtlebot3_teleop/lib/python3.8/site-packages:/turtlebot3_ws/build/turtlebot3_example:/turtlebot3_ws/install/turtlebot3_example/lib/python3.8/site-packages:/turtlebot3_ws/install/dynamixel_sdk_custom_interfaces/lib/python3.8/site-packages:/opt/ros/foxy/lib/python3.8/site-packages /usr/bin/python3 setup.py develop --editable --build-directory /turtlebot3_ws/build/turtlebot3_example/build --no-deps install_data
[1.113s] running develop
[1.249s] running egg_info
[1.249s] writing turtlebot3_example.egg-info/PKG-INFO
[1.249s] writing dependency_links to turtlebot3_example.egg-info/dependency_links.txt
[1.250s] writing entry points to turtlebot3_example.egg-info/entry_points.txt
[1.250s] writing requirements to turtlebot3_example.egg-info/requires.txt
[1.250s] writing top-level names to turtlebot3_example.egg-info/top_level.txt
[1.292s] reading manifest file 'turtlebot3_example.egg-info/SOURCES.txt'
[1.293s] writing manifest file 'turtlebot3_example.egg-info/SOURCES.txt'
[1.336s] running build_ext
[1.337s] Creating /turtlebot3_ws/install/turtlebot3_example/lib/python3.8/site-packages/turtlebot3-example.egg-link (link to .)
[1.338s] Installing turtlebot3_obstacle_detection script to /turtlebot3_ws/install/turtlebot3_example/lib/turtlebot3_example
[1.338s] Installing turtlebot3_patrol_client script to /turtlebot3_ws/install/turtlebot3_example/lib/turtlebot3_example
[1.338s] Installing turtlebot3_patrol_server script to /turtlebot3_ws/install/turtlebot3_example/lib/turtlebot3_example
[1.339s] Installing turtlebot3_position_control script to /turtlebot3_ws/install/turtlebot3_example/lib/turtlebot3_example
[1.339s] 
[1.339s] Installed /turtlebot3_ws/build/turtlebot3_example
[1.339s] running install_data
[1.380s] Invoked command in '/turtlebot3_ws/build/turtlebot3_example' returned '0': CMAKE_PREFIX_PATH=/turtlebot3_ws/install/turtlebot3_msgs:/turtlebot3_ws/install/turtlebot3:/turtlebot3_ws/install/turtlebot3_simulations:/turtlebot3_ws/install/turtlebot3_bringup:/turtlebot3_ws/install/turtlebot3_node:/turtlebot3_ws/install/turtlebot3_navigation2:/turtlebot3_ws/install/turtlebot3_fake_node:/turtlebot3_ws/install/turtlebot3_gazebo:/turtlebot3_ws/install/turtlebot3_description:/turtlebot3_ws/install/turtlebot3_cartographer:/turtlebot3_ws/install/hls_lfcd_lds_driver:/turtlebot3_ws/install/dynamixel_sdk_examples:/turtlebot3_ws/install/dynamixel_sdk_custom_interfaces:/turtlebot3_ws/install/dynamixel_sdk PYTHONPATH=/turtlebot3_ws/build/turtlebot3_example/prefix_override:/turtlebot3_ws/install/turtlebot3_example/lib/python3.8/site-packages:/turtlebot3_ws/install/turtlebot3_msgs/lib/python3.8/site-packages:/turtlebot3_ws/build/turtlebot3_teleop:/turtlebot3_ws/install/turtlebot3_teleop/lib/python3.8/site-packages:/turtlebot3_ws/build/turtlebot3_example:/turtlebot3_ws/install/turtlebot3_example/lib/python3.8/site-packages:/turtlebot3_ws/install/dynamixel_sdk_custom_interfaces/lib/python3.8/site-packages:/opt/ros/foxy/lib/python3.8/site-packages /usr/bin/python3 setup.py develop --editable --build-directory /turtlebot3_ws/build/turtlebot3_example/build --no-deps install_data
