[0.087s] Invoking command in '/turtlebot3_ws/build/dynamixel_sdk': CMAKE_PREFIX_PATH=${CMAKE_PREFIX_PATH}:/turtlebot3_ws/install/turtlebot3_teleop:/turtlebot3_ws/install/turtlebot3_example:/opt/ros/foxy /usr/bin/cmake --build /turtlebot3_ws/build/dynamixel_sdk -- -j12 -l12
[0.462s] [100%] Built target dynamixel_sdk
[0.473s] Invoked command in '/turtlebot3_ws/build/dynamixel_sdk' returned '0': CMAKE_PREFIX_PATH=${CMAKE_PREFIX_PATH}:/turtlebot3_ws/install/turtlebot3_teleop:/turtlebot3_ws/install/turtlebot3_example:/opt/ros/foxy /usr/bin/cmake --build /turtlebot3_ws/build/dynamixel_sdk -- -j12 -l12
[0.545s] Invoking command in '/turtlebot3_ws/build/dynamixel_sdk': CMAKE_PREFIX_PATH=${CMAKE_PREFIX_PATH}:/turtlebot3_ws/install/turtlebot3_teleop:/turtlebot3_ws/install/turtlebot3_example:/opt/ros/foxy /usr/bin/cmake --install /turtlebot3_ws/build/dynamixel_sdk
[0.564s] -- Install configuration: ""
[0.564s] -- Execute custom install script
[0.567s] -- Up-to-date symlink: /turtlebot3_ws/install/dynamixel_sdk/include//dynamixel_sdk/dynamixel_sdk.h
[0.567s] -- Up-to-date symlink: /turtlebot3_ws/install/dynamixel_sdk/include//dynamixel_sdk/group_bulk_read.h
[0.568s] -- Up-to-date symlink: /turtlebot3_ws/install/dynamixel_sdk/include//dynamixel_sdk/group_bulk_write.h
[0.568s] -- Up-to-date symlink: /turtlebot3_ws/install/dynamixel_sdk/include//dynamixel_sdk/group_sync_read.h
[0.569s] -- Up-to-date symlink: /turtlebot3_ws/install/dynamixel_sdk/include//dynamixel_sdk/group_sync_write.h
[0.569s] -- Up-to-date symlink: /turtlebot3_ws/install/dynamixel_sdk/include//dynamixel_sdk/packet_handler.h
[0.569s] -- Up-to-date symlink: /turtlebot3_ws/install/dynamixel_sdk/include//dynamixel_sdk/port_handler.h
[0.569s] -- Up-to-date symlink: /turtlebot3_ws/install/dynamixel_sdk/include//dynamixel_sdk/port_handler_arduino.h
[0.569s] -- Up-to-date symlink: /turtlebot3_ws/install/dynamixel_sdk/include//dynamixel_sdk/port_handler_linux.h
[0.569s] -- Up-to-date symlink: /turtlebot3_ws/install/dynamixel_sdk/include//dynamixel_sdk/port_handler_mac.h
[0.569s] -- Up-to-date symlink: /turtlebot3_ws/install/dynamixel_sdk/include//dynamixel_sdk/port_handler_windows.h
[0.570s] -- Up-to-date symlink: /turtlebot3_ws/install/dynamixel_sdk/include//dynamixel_sdk/protocol1_packet_handler.h
[0.570s] -- Up-to-date symlink: /turtlebot3_ws/install/dynamixel_sdk/include//dynamixel_sdk/protocol2_packet_handler.h
[0.570s] -- Up-to-date symlink: /turtlebot3_ws/install/dynamixel_sdk/lib/libdynamixel_sdk.so
[0.570s] -- Up-to-date symlink: /turtlebot3_ws/install/dynamixel_sdk/share/dynamixel_sdk/environment/library_path.sh
[0.570s] -- Up-to-date symlink: /turtlebot3_ws/install/dynamixel_sdk/share/dynamixel_sdk/environment/library_path.dsv
[0.570s] -- Up-to-date symlink: /turtlebot3_ws/install/dynamixel_sdk/share/ament_index/resource_index/package_run_dependencies/dynamixel_sdk
[0.571s] -- Up-to-date symlink: /turtlebot3_ws/install/dynamixel_sdk/share/ament_index/resource_index/parent_prefix_path/dynamixel_sdk
[0.571s] -- Up-to-date symlink: /turtlebot3_ws/install/dynamixel_sdk/share/dynamixel_sdk/environment/ament_prefix_path.sh
[0.571s] -- Up-to-date symlink: /turtlebot3_ws/install/dynamixel_sdk/share/dynamixel_sdk/environment/ament_prefix_path.dsv
[0.573s] -- Up-to-date symlink: /turtlebot3_ws/install/dynamixel_sdk/share/dynamixel_sdk/environment/path.sh
[0.574s] -- Up-to-date symlink: /turtlebot3_ws/install/dynamixel_sdk/share/dynamixel_sdk/environment/path.dsv
[0.576s] -- Up-to-date symlink: /turtlebot3_ws/install/dynamixel_sdk/share/dynamixel_sdk/local_setup.bash
[0.576s] -- Up-to-date symlink: /turtlebot3_ws/install/dynamixel_sdk/share/dynamixel_sdk/local_setup.sh
[0.576s] -- Up-to-date symlink: /turtlebot3_ws/install/dynamixel_sdk/share/dynamixel_sdk/local_setup.zsh
[0.576s] -- Up-to-date symlink: /turtlebot3_ws/install/dynamixel_sdk/share/dynamixel_sdk/local_setup.dsv
[0.577s] -- Symlinking: /turtlebot3_ws/install/dynamixel_sdk/share/dynamixel_sdk/package.dsv
[0.590s] -- Up-to-date symlink: /turtlebot3_ws/install/dynamixel_sdk/share/ament_index/resource_index/packages/dynamixel_sdk
[0.590s] -- Up-to-date symlink: /turtlebot3_ws/install/dynamixel_sdk/share/dynamixel_sdk/cmake/ament_cmake_export_include_directories-extras.cmake
[0.590s] -- Up-to-date symlink: /turtlebot3_ws/install/dynamixel_sdk/share/dynamixel_sdk/cmake/ament_cmake_export_libraries-extras.cmake
[0.590s] -- Up-to-date symlink: /turtlebot3_ws/install/dynamixel_sdk/share/dynamixel_sdk/cmake/dynamixel_sdkConfig.cmake
[0.590s] -- Up-to-date symlink: /turtlebot3_ws/install/dynamixel_sdk/share/dynamixel_sdk/cmake/dynamixel_sdkConfig-version.cmake
[0.591s] -- Up-to-date symlink: /turtlebot3_ws/install/dynamixel_sdk/share/dynamixel_sdk/package.xml
[0.640s] Invoked command in '/turtlebot3_ws/build/dynamixel_sdk' returned '0': CMAKE_PREFIX_PATH=${CMAKE_PREFIX_PATH}:/turtlebot3_ws/install/turtlebot3_teleop:/turtlebot3_ws/install/turtlebot3_example:/opt/ros/foxy /usr/bin/cmake --install /turtlebot3_ws/build/dynamixel_sdk
