[0.028s] Invoking command in '/turtlebot3_ws/build/turtlebot3': AMENT_PREFIX_PATH=/turtlebot3_ws/install/turtlebot3_bringup:/turtlebot3_ws/install/turtlebot3_node:/turtlebot3_ws/install/turtlebot3_example:/turtlebot3_ws/install/turtlebot3_teleop:/turtlebot3_ws/install/turtlebot3_navigation2:/turtlebot3_ws/install/turtlebot3_msgs:/turtlebot3_ws/install/turtlebot3_description:/turtlebot3_ws/install/turtlebot3_cartographer:/turtlebot3_ws/install/hls_lfcd_lds_driver:/turtlebot3_ws/install/dynamixel_sdk:${AMENT_PREFIX_PATH} CMAKE_PREFIX_PATH=/turtlebot3_ws/install/turtlebot3_bringup:/turtlebot3_ws/install/turtlebot3_node:/turtlebot3_ws/install/turtlebot3_navigation2:/turtlebot3_ws/install/turtlebot3_msgs:/turtlebot3_ws/install/turtlebot3_description:/turtlebot3_ws/install/turtlebot3_cartographer:/turtlebot3_ws/install/hls_lfcd_lds_driver:/turtlebot3_ws/install/dynamixel_sdk:/opt/ros/foxy LD_LIBRARY_PATH=/turtlebot3_ws/install/turtlebot3_msgs/lib:/turtlebot3_ws/install/dynamixel_sdk/lib:${LD_LIBRARY_PATH} PYTHONPATH=/turtlebot3_ws/build/turtlebot3_example:/turtlebot3_ws/install/turtlebot3_example/lib/python3.8/site-packages:/turtlebot3_ws/build/turtlebot3_teleop:/turtlebot3_ws/install/turtlebot3_teleop/lib/python3.8/site-packages:/turtlebot3_ws/install/turtlebot3_msgs/lib/python3.8/site-packages:${PYTHONPATH} /usr/bin/cmake /turtlebot3_ws/src/turtlebot3/turtlebot3 -DAMENT_CMAKE_SYMLINK_INSTALL=1 -DCMAKE_INSTALL_PREFIX=/turtlebot3_ws/install/turtlebot3
[0.075s] -- The C compiler identification is GNU 9.4.0
[0.121s] -- The CXX compiler identification is GNU 9.4.0
[0.125s] -- Check for working C compiler: /usr/bin/cc
[0.187s] -- Check for working C compiler: /usr/bin/cc -- works
[0.189s] -- Detecting C compiler ABI info
[0.255s] -- Detecting C compiler ABI info - done
[0.265s] -- Detecting C compile features
[0.265s] -- Detecting C compile features - done
[0.267s] -- Check for working CXX compiler: /usr/bin/c++
[0.337s] -- Check for working CXX compiler: /usr/bin/c++ -- works
[0.338s] -- Detecting CXX compiler ABI info
[0.413s] -- Detecting CXX compiler ABI info - done
[0.424s] -- Detecting CXX compile features
[0.424s] -- Detecting CXX compile features - done
[0.427s] -- Found ament_cmake: 0.9.9 (/opt/ros/foxy/share/ament_cmake/cmake)
[0.458s] -- Found PythonInterp: /usr/bin/python3 (found suitable version "3.8.10", minimum required is "3") 
[0.458s] -- Using PYTHON_EXECUTABLE: /usr/bin/python3
[0.594s] -- Override CMake install command with custom implementation using symlinks instead of copying resources
[0.715s] -- Configuring done
[0.717s] -- Generating done
[0.718s] -- Build files have been written to: /turtlebot3_ws/build/turtlebot3
[0.722s] Invoked command in '/turtlebot3_ws/build/turtlebot3' returned '0': AMENT_PREFIX_PATH=/turtlebot3_ws/install/turtlebot3_bringup:/turtlebot3_ws/install/turtlebot3_node:/turtlebot3_ws/install/turtlebot3_example:/turtlebot3_ws/install/turtlebot3_teleop:/turtlebot3_ws/install/turtlebot3_navigation2:/turtlebot3_ws/install/turtlebot3_msgs:/turtlebot3_ws/install/turtlebot3_description:/turtlebot3_ws/install/turtlebot3_cartographer:/turtlebot3_ws/install/hls_lfcd_lds_driver:/turtlebot3_ws/install/dynamixel_sdk:${AMENT_PREFIX_PATH} CMAKE_PREFIX_PATH=/turtlebot3_ws/install/turtlebot3_bringup:/turtlebot3_ws/install/turtlebot3_node:/turtlebot3_ws/install/turtlebot3_navigation2:/turtlebot3_ws/install/turtlebot3_msgs:/turtlebot3_ws/install/turtlebot3_description:/turtlebot3_ws/install/turtlebot3_cartographer:/turtlebot3_ws/install/hls_lfcd_lds_driver:/turtlebot3_ws/install/dynamixel_sdk:/opt/ros/foxy LD_LIBRARY_PATH=/turtlebot3_ws/install/turtlebot3_msgs/lib:/turtlebot3_ws/install/dynamixel_sdk/lib:${LD_LIBRARY_PATH} PYTHONPATH=/turtlebot3_ws/build/turtlebot3_example:/turtlebot3_ws/install/turtlebot3_example/lib/python3.8/site-packages:/turtlebot3_ws/build/turtlebot3_teleop:/turtlebot3_ws/install/turtlebot3_teleop/lib/python3.8/site-packages:/turtlebot3_ws/install/turtlebot3_msgs/lib/python3.8/site-packages:${PYTHONPATH} /usr/bin/cmake /turtlebot3_ws/src/turtlebot3/turtlebot3 -DAMENT_CMAKE_SYMLINK_INSTALL=1 -DCMAKE_INSTALL_PREFIX=/turtlebot3_ws/install/turtlebot3
[0.724s] Invoking command in '/turtlebot3_ws/build/turtlebot3': AMENT_PREFIX_PATH=/turtlebot3_ws/install/turtlebot3_bringup:/turtlebot3_ws/install/turtlebot3_node:/turtlebot3_ws/install/turtlebot3_example:/turtlebot3_ws/install/turtlebot3_teleop:/turtlebot3_ws/install/turtlebot3_navigation2:/turtlebot3_ws/install/turtlebot3_msgs:/turtlebot3_ws/install/turtlebot3_description:/turtlebot3_ws/install/turtlebot3_cartographer:/turtlebot3_ws/install/hls_lfcd_lds_driver:/turtlebot3_ws/install/dynamixel_sdk:${AMENT_PREFIX_PATH} CMAKE_PREFIX_PATH=/turtlebot3_ws/install/turtlebot3_bringup:/turtlebot3_ws/install/turtlebot3_node:/turtlebot3_ws/install/turtlebot3_navigation2:/turtlebot3_ws/install/turtlebot3_msgs:/turtlebot3_ws/install/turtlebot3_description:/turtlebot3_ws/install/turtlebot3_cartographer:/turtlebot3_ws/install/hls_lfcd_lds_driver:/turtlebot3_ws/install/dynamixel_sdk:/opt/ros/foxy LD_LIBRARY_PATH=/turtlebot3_ws/install/turtlebot3_msgs/lib:/turtlebot3_ws/install/dynamixel_sdk/lib:${LD_LIBRARY_PATH} PYTHONPATH=/turtlebot3_ws/build/turtlebot3_example:/turtlebot3_ws/install/turtlebot3_example/lib/python3.8/site-packages:/turtlebot3_ws/build/turtlebot3_teleop:/turtlebot3_ws/install/turtlebot3_teleop/lib/python3.8/site-packages:/turtlebot3_ws/install/turtlebot3_msgs/lib/python3.8/site-packages:${PYTHONPATH} /usr/bin/cmake --build /turtlebot3_ws/build/turtlebot3 -- -j12 -l12
[0.761s] Invoked command in '/turtlebot3_ws/build/turtlebot3' returned '0': AMENT_PREFIX_PATH=/turtlebot3_ws/install/turtlebot3_bringup:/turtlebot3_ws/install/turtlebot3_node:/turtlebot3_ws/install/turtlebot3_example:/turtlebot3_ws/install/turtlebot3_teleop:/turtlebot3_ws/install/turtlebot3_navigation2:/turtlebot3_ws/install/turtlebot3_msgs:/turtlebot3_ws/install/turtlebot3_description:/turtlebot3_ws/install/turtlebot3_cartographer:/turtlebot3_ws/install/hls_lfcd_lds_driver:/turtlebot3_ws/install/dynamixel_sdk:${AMENT_PREFIX_PATH} CMAKE_PREFIX_PATH=/turtlebot3_ws/install/turtlebot3_bringup:/turtlebot3_ws/install/turtlebot3_node:/turtlebot3_ws/install/turtlebot3_navigation2:/turtlebot3_ws/install/turtlebot3_msgs:/turtlebot3_ws/install/turtlebot3_description:/turtlebot3_ws/install/turtlebot3_cartographer:/turtlebot3_ws/install/hls_lfcd_lds_driver:/turtlebot3_ws/install/dynamixel_sdk:/opt/ros/foxy LD_LIBRARY_PATH=/turtlebot3_ws/install/turtlebot3_msgs/lib:/turtlebot3_ws/install/dynamixel_sdk/lib:${LD_LIBRARY_PATH} PYTHONPATH=/turtlebot3_ws/build/turtlebot3_example:/turtlebot3_ws/install/turtlebot3_example/lib/python3.8/site-packages:/turtlebot3_ws/build/turtlebot3_teleop:/turtlebot3_ws/install/turtlebot3_teleop/lib/python3.8/site-packages:/turtlebot3_ws/install/turtlebot3_msgs/lib/python3.8/site-packages:${PYTHONPATH} /usr/bin/cmake --build /turtlebot3_ws/build/turtlebot3 -- -j12 -l12
[0.787s] Invoking command in '/turtlebot3_ws/build/turtlebot3': AMENT_PREFIX_PATH=/turtlebot3_ws/install/turtlebot3_bringup:/turtlebot3_ws/install/turtlebot3_node:/turtlebot3_ws/install/turtlebot3_example:/turtlebot3_ws/install/turtlebot3_teleop:/turtlebot3_ws/install/turtlebot3_navigation2:/turtlebot3_ws/install/turtlebot3_msgs:/turtlebot3_ws/install/turtlebot3_description:/turtlebot3_ws/install/turtlebot3_cartographer:/turtlebot3_ws/install/hls_lfcd_lds_driver:/turtlebot3_ws/install/dynamixel_sdk:${AMENT_PREFIX_PATH} CMAKE_PREFIX_PATH=/turtlebot3_ws/install/turtlebot3_bringup:/turtlebot3_ws/install/turtlebot3_node:/turtlebot3_ws/install/turtlebot3_navigation2:/turtlebot3_ws/install/turtlebot3_msgs:/turtlebot3_ws/install/turtlebot3_description:/turtlebot3_ws/install/turtlebot3_cartographer:/turtlebot3_ws/install/hls_lfcd_lds_driver:/turtlebot3_ws/install/dynamixel_sdk:/opt/ros/foxy LD_LIBRARY_PATH=/turtlebot3_ws/install/turtlebot3_msgs/lib:/turtlebot3_ws/install/dynamixel_sdk/lib:${LD_LIBRARY_PATH} PYTHONPATH=/turtlebot3_ws/build/turtlebot3_example:/turtlebot3_ws/install/turtlebot3_example/lib/python3.8/site-packages:/turtlebot3_ws/build/turtlebot3_teleop:/turtlebot3_ws/install/turtlebot3_teleop/lib/python3.8/site-packages:/turtlebot3_ws/install/turtlebot3_msgs/lib/python3.8/site-packages:${PYTHONPATH} /usr/bin/cmake --install /turtlebot3_ws/build/turtlebot3
[0.794s] -- Install configuration: ""
[0.794s] -- Execute custom install script
[0.794s] -- Symlinking: /turtlebot3_ws/install/turtlebot3/share/ament_index/resource_index/package_run_dependencies/turtlebot3
[0.803s] -- Symlinking: /turtlebot3_ws/install/turtlebot3/share/ament_index/resource_index/parent_prefix_path/turtlebot3
[0.811s] -- Symlinking: /turtlebot3_ws/install/turtlebot3/share/turtlebot3/environment/ament_prefix_path.sh
[0.821s] -- Symlinking: /turtlebot3_ws/install/turtlebot3/share/turtlebot3/environment/ament_prefix_path.dsv
[0.830s] -- Symlinking: /turtlebot3_ws/install/turtlebot3/share/turtlebot3/environment/path.sh
[0.838s] -- Symlinking: /turtlebot3_ws/install/turtlebot3/share/turtlebot3/environment/path.dsv
[0.847s] -- Symlinking: /turtlebot3_ws/install/turtlebot3/share/turtlebot3/local_setup.bash
[0.855s] -- Symlinking: /turtlebot3_ws/install/turtlebot3/share/turtlebot3/local_setup.sh
[0.863s] -- Symlinking: /turtlebot3_ws/install/turtlebot3/share/turtlebot3/local_setup.zsh
[0.872s] -- Symlinking: /turtlebot3_ws/install/turtlebot3/share/turtlebot3/local_setup.dsv
[0.881s] -- Symlinking: /turtlebot3_ws/install/turtlebot3/share/turtlebot3/package.dsv
[0.889s] -- Symlinking: /turtlebot3_ws/install/turtlebot3/share/ament_index/resource_index/packages/turtlebot3
[0.897s] -- Symlinking: /turtlebot3_ws/install/turtlebot3/share/turtlebot3/cmake/turtlebot3Config.cmake
[0.907s] -- Symlinking: /turtlebot3_ws/install/turtlebot3/share/turtlebot3/cmake/turtlebot3Config-version.cmake
[0.916s] -- Symlinking: /turtlebot3_ws/install/turtlebot3/share/turtlebot3/package.xml
[0.932s] Invoked command in '/turtlebot3_ws/build/turtlebot3' returned '0': AMENT_PREFIX_PATH=/turtlebot3_ws/install/turtlebot3_bringup:/turtlebot3_ws/install/turtlebot3_node:/turtlebot3_ws/install/turtlebot3_example:/turtlebot3_ws/install/turtlebot3_teleop:/turtlebot3_ws/install/turtlebot3_navigation2:/turtlebot3_ws/install/turtlebot3_msgs:/turtlebot3_ws/install/turtlebot3_description:/turtlebot3_ws/install/turtlebot3_cartographer:/turtlebot3_ws/install/hls_lfcd_lds_driver:/turtlebot3_ws/install/dynamixel_sdk:${AMENT_PREFIX_PATH} CMAKE_PREFIX_PATH=/turtlebot3_ws/install/turtlebot3_bringup:/turtlebot3_ws/install/turtlebot3_node:/turtlebot3_ws/install/turtlebot3_navigation2:/turtlebot3_ws/install/turtlebot3_msgs:/turtlebot3_ws/install/turtlebot3_description:/turtlebot3_ws/install/turtlebot3_cartographer:/turtlebot3_ws/install/hls_lfcd_lds_driver:/turtlebot3_ws/install/dynamixel_sdk:/opt/ros/foxy LD_LIBRARY_PATH=/turtlebot3_ws/install/turtlebot3_msgs/lib:/turtlebot3_ws/install/dynamixel_sdk/lib:${LD_LIBRARY_PATH} PYTHONPATH=/turtlebot3_ws/build/turtlebot3_example:/turtlebot3_ws/install/turtlebot3_example/lib/python3.8/site-packages:/turtlebot3_ws/build/turtlebot3_teleop:/turtlebot3_ws/install/turtlebot3_teleop/lib/python3.8/site-packages:/turtlebot3_ws/install/turtlebot3_msgs/lib/python3.8/site-packages:${PYTHONPATH} /usr/bin/cmake --install /turtlebot3_ws/build/turtlebot3
