[0.047s] Invoking command in '/turtlebot3_ws/build/turtlebot3_node': AMENT_PREFIX_PATH=/turtlebot3_ws/install/turtlebot3_msgs:/turtlebot3_ws/install/dynamixel_sdk:${AMENT_PREFIX_PATH} CMAKE_PREFIX_PATH=/turtlebot3_ws/install/turtlebot3_msgs:/turtlebot3_ws/install/dynamixel_sdk:/opt/ros/foxy LD_LIBRARY_PATH=/turtlebot3_ws/install/turtlebot3_msgs/lib:/turtlebot3_ws/install/dynamixel_sdk/lib:${LD_LIBRARY_PATH} PYTHONPATH=/turtlebot3_ws/install/turtlebot3_msgs/lib/python3.8/site-packages:${PYTHONPATH} /usr/bin/cmake --build /turtlebot3_ws/build/turtlebot3_node -- -j12 -l12
[0.336s] [ 85%] Built target turtlebot3_node_lib
[0.336s] [100%] Built target turtlebot3_ros
[0.355s] Invoked command in '/turtlebot3_ws/build/turtlebot3_node' returned '0': AMENT_PREFIX_PATH=/turtlebot3_ws/install/turtlebot3_msgs:/turtlebot3_ws/install/dynamixel_sdk:${AMENT_PREFIX_PATH} CMAKE_PREFIX_PATH=/turtlebot3_ws/install/turtlebot3_msgs:/turtlebot3_ws/install/dynamixel_sdk:/opt/ros/foxy LD_LIBRARY_PATH=/turtlebot3_ws/install/turtlebot3_msgs/lib:/turtlebot3_ws/install/dynamixel_sdk/lib:${LD_LIBRARY_PATH} PYTHONPATH=/turtlebot3_ws/install/turtlebot3_msgs/lib/python3.8/site-packages:${PYTHONPATH} /usr/bin/cmake --build /turtlebot3_ws/build/turtlebot3_node -- -j12 -l12
[0.424s] Invoking command in '/turtlebot3_ws/build/turtlebot3_node': AMENT_PREFIX_PATH=/turtlebot3_ws/install/turtlebot3_msgs:/turtlebot3_ws/install/dynamixel_sdk:${AMENT_PREFIX_PATH} CMAKE_PREFIX_PATH=/turtlebot3_ws/install/turtlebot3_msgs:/turtlebot3_ws/install/dynamixel_sdk:/opt/ros/foxy LD_LIBRARY_PATH=/turtlebot3_ws/install/turtlebot3_msgs/lib:/turtlebot3_ws/install/dynamixel_sdk/lib:${LD_LIBRARY_PATH} PYTHONPATH=/turtlebot3_ws/install/turtlebot3_msgs/lib/python3.8/site-packages:${PYTHONPATH} /usr/bin/cmake --install /turtlebot3_ws/build/turtlebot3_node
[0.439s] -- Install configuration: ""
[0.439s] -- Execute custom install script
[0.444s] -- Up-to-date symlink: /turtlebot3_ws/install/turtlebot3_node/share/turtlebot3_node/param/burger.yaml
[0.445s] -- Up-to-date symlink: /turtlebot3_ws/install/turtlebot3_node/share/turtlebot3_node/param/waffle.yaml
[0.445s] -- Up-to-date symlink: /turtlebot3_ws/install/turtlebot3_node/share/turtlebot3_node/param/waffle_pi.yaml
[0.445s] -- Up-to-date symlink: /turtlebot3_ws/install/turtlebot3_node/lib/turtlebot3_node/turtlebot3_ros
[0.445s] -- Up-to-date symlink: /turtlebot3_ws/install/turtlebot3_node/share/ament_index/resource_index/package_run_dependencies/turtlebot3_node
[0.445s] -- Up-to-date symlink: /turtlebot3_ws/install/turtlebot3_node/share/ament_index/resource_index/parent_prefix_path/turtlebot3_node
[0.445s] -- Up-to-date symlink: /turtlebot3_ws/install/turtlebot3_node/share/turtlebot3_node/environment/ament_prefix_path.sh
[0.445s] -- Up-to-date symlink: /turtlebot3_ws/install/turtlebot3_node/share/turtlebot3_node/environment/ament_prefix_path.dsv
[0.446s] -- Up-to-date symlink: /turtlebot3_ws/install/turtlebot3_node/share/turtlebot3_node/environment/path.sh
[0.446s] -- Up-to-date symlink: /turtlebot3_ws/install/turtlebot3_node/share/turtlebot3_node/environment/path.dsv
[0.446s] -- Up-to-date symlink: /turtlebot3_ws/install/turtlebot3_node/share/turtlebot3_node/local_setup.bash
[0.446s] -- Up-to-date symlink: /turtlebot3_ws/install/turtlebot3_node/share/turtlebot3_node/local_setup.sh
[0.447s] -- Up-to-date symlink: /turtlebot3_ws/install/turtlebot3_node/share/turtlebot3_node/local_setup.zsh
[0.447s] -- Up-to-date symlink: /turtlebot3_ws/install/turtlebot3_node/share/turtlebot3_node/local_setup.dsv
[0.447s] -- Symlinking: /turtlebot3_ws/install/turtlebot3_node/share/turtlebot3_node/package.dsv
[0.457s] -- Up-to-date symlink: /turtlebot3_ws/install/turtlebot3_node/share/ament_index/resource_index/packages/turtlebot3_node
[0.458s] -- Up-to-date symlink: /turtlebot3_ws/install/turtlebot3_node/share/turtlebot3_node/cmake/ament_cmake_export_include_directories-extras.cmake
[0.458s] -- Up-to-date symlink: /turtlebot3_ws/install/turtlebot3_node/share/turtlebot3_node/cmake/turtlebot3_nodeConfig.cmake
[0.458s] -- Up-to-date symlink: /turtlebot3_ws/install/turtlebot3_node/share/turtlebot3_node/cmake/turtlebot3_nodeConfig-version.cmake
[0.458s] -- Up-to-date symlink: /turtlebot3_ws/install/turtlebot3_node/share/turtlebot3_node/package.xml
[0.463s] Invoked command in '/turtlebot3_ws/build/turtlebot3_node' returned '0': AMENT_PREFIX_PATH=/turtlebot3_ws/install/turtlebot3_msgs:/turtlebot3_ws/install/dynamixel_sdk:${AMENT_PREFIX_PATH} CMAKE_PREFIX_PATH=/turtlebot3_ws/install/turtlebot3_msgs:/turtlebot3_ws/install/dynamixel_sdk:/opt/ros/foxy LD_LIBRARY_PATH=/turtlebot3_ws/install/turtlebot3_msgs/lib:/turtlebot3_ws/install/dynamixel_sdk/lib:${LD_LIBRARY_PATH} PYTHONPATH=/turtlebot3_ws/install/turtlebot3_msgs/lib/python3.8/site-packages:${PYTHONPATH} /usr/bin/cmake --install /turtlebot3_ws/build/turtlebot3_node
