[1.158s] Invoking command in '/turtlebot3_ws/build/turtlebot3_teleop': PYTHONPATH=/turtlebot3_ws/build/turtlebot3_teleop/prefix_override:/turtlebot3_ws/install/turtlebot3_teleop/lib/python3.8/site-packages:${PYTHONPATH} /usr/bin/python3 setup.py develop --editable --build-directory /turtlebot3_ws/build/turtlebot3_teleop/build --no-deps install_data
[1.548s] running develop
[1.749s] running egg_info
[1.749s] creating turtlebot3_teleop.egg-info
[1.749s] writing turtlebot3_teleop.egg-info/PKG-INFO
[1.756s] writing dependency_links to turtlebot3_teleop.egg-info/dependency_links.txt
[1.756s] writing entry points to turtlebot3_teleop.egg-info/entry_points.txt
[1.756s] writing requirements to turtlebot3_teleop.egg-info/requires.txt
[1.756s] writing top-level names to turtlebot3_teleop.egg-info/top_level.txt
[1.756s] writing manifest file 'turtlebot3_teleop.egg-info/SOURCES.txt'
[1.830s] reading manifest file 'turtlebot3_teleop.egg-info/SOURCES.txt'
[1.831s] writing manifest file 'turtlebot3_teleop.egg-info/SOURCES.txt'
[1.917s] running build_ext
[1.918s] Creating /turtlebot3_ws/install/turtlebot3_teleop/lib/python3.8/site-packages/site.py
[1.923s] Creating /turtlebot3_ws/install/turtlebot3_teleop/lib/python3.8/site-packages/turtlebot3-teleop.egg-link (link to .)
[1.926s] Installing teleop_keyboard script to /turtlebot3_ws/install/turtlebot3_teleop/lib/turtlebot3_teleop
[1.926s] 
[1.926s] Installed /turtlebot3_ws/build/turtlebot3_teleop
[1.927s] running install_data
[1.927s] creating /turtlebot3_ws/install/turtlebot3_teleop/share/ament_index
[1.927s] creating /turtlebot3_ws/install/turtlebot3_teleop/share/ament_index/resource_index
[1.928s] creating /turtlebot3_ws/install/turtlebot3_teleop/share/ament_index/resource_index/packages
[1.928s] copying resource/turtlebot3_teleop -> /turtlebot3_ws/install/turtlebot3_teleop/share/ament_index/resource_index/packages
[1.928s] copying package.xml -> /turtlebot3_ws/install/turtlebot3_teleop/share/turtlebot3_teleop
[2.072s] Invoked command in '/turtlebot3_ws/build/turtlebot3_teleop' returned '0': PYTHONPATH=/turtlebot3_ws/build/turtlebot3_teleop/prefix_override:/turtlebot3_ws/install/turtlebot3_teleop/lib/python3.8/site-packages:${PYTHONPATH} /usr/bin/python3 setup.py develop --editable --build-directory /turtlebot3_ws/build/turtlebot3_teleop/build --no-deps install_data
