[0.066s] Invoking command in '/turtlebot3_ws/build/turtlebot3_navigation2': CMAKE_PREFIX_PATH=/opt/ros/foxy /usr/bin/cmake /turtlebot3_ws/src/turtlebot3/turtlebot3_navigation2 -DAMENT_CMAKE_SYMLINK_INSTALL=1 -DCMAKE_INSTALL_PREFIX=/turtlebot3_ws/install/turtlebot3_navigation2
[0.502s] -- The C compiler identification is GNU 9.4.0
[0.503s] -- The CXX compiler identification is GNU 9.4.0
[0.503s] -- Check for working C compiler: /usr/bin/cc
[0.503s] -- Check for working C compiler: /usr/bin/cc -- works
[0.503s] -- Detecting C compiler ABI info
[0.548s] -- Detecting C compiler ABI info - done
[0.567s] -- Detecting C compile features
[0.568s] -- Detecting C compile features - done
[0.571s] -- Check for working CXX compiler: /usr/bin/c++
[0.714s] -- Check for working CXX compiler: /usr/bin/c++ -- works
[0.717s] -- Detecting CXX compiler ABI info
[0.869s] -- Detecting CXX compiler ABI info - done
[0.895s] -- Detecting CXX compile features
[0.896s] -- Detecting CXX compile features - done
[0.902s] -- Found ament_cmake: 0.9.9 (/opt/ros/foxy/share/ament_cmake/cmake)
[0.940s] -- Found PythonInterp: /usr/bin/python3 (found suitable version "3.8.10", minimum required is "3") 
[0.940s] -- Using PYTHON_EXECUTABLE: /usr/bin/python3
[1.277s] -- Override CMake install command with custom implementation using symlinks instead of copying resources
[1.444s] -- Configuring done
[1.446s] -- Generating done
[1.448s] -- Build files have been written to: /turtlebot3_ws/build/turtlebot3_navigation2
[1.455s] Invoked command in '/turtlebot3_ws/build/turtlebot3_navigation2' returned '0': CMAKE_PREFIX_PATH=/opt/ros/foxy /usr/bin/cmake /turtlebot3_ws/src/turtlebot3/turtlebot3_navigation2 -DAMENT_CMAKE_SYMLINK_INSTALL=1 -DCMAKE_INSTALL_PREFIX=/turtlebot3_ws/install/turtlebot3_navigation2
[1.462s] Invoking command in '/turtlebot3_ws/build/turtlebot3_navigation2': CMAKE_PREFIX_PATH=/opt/ros/foxy /usr/bin/cmake --build /turtlebot3_ws/build/turtlebot3_navigation2 -- -j12 -l12
[1.534s] Invoked command in '/turtlebot3_ws/build/turtlebot3_navigation2' returned '0': CMAKE_PREFIX_PATH=/opt/ros/foxy /usr/bin/cmake --build /turtlebot3_ws/build/turtlebot3_navigation2 -- -j12 -l12
[1.589s] Invoking command in '/turtlebot3_ws/build/turtlebot3_navigation2': CMAKE_PREFIX_PATH=/opt/ros/foxy /usr/bin/cmake --install /turtlebot3_ws/build/turtlebot3_navigation2
[1.621s] -- Install configuration: ""
[1.621s] -- Execute custom install script
[1.621s] -- Symlinking: /turtlebot3_ws/install/turtlebot3_navigation2/share/turtlebot3_navigation2/launch/navigation2.launch.py
[1.643s] -- Symlinking: /turtlebot3_ws/install/turtlebot3_navigation2/share/turtlebot3_navigation2/map/turtlebot3_world.pgm
[1.686s] -- Symlinking: /turtlebot3_ws/install/turtlebot3_navigation2/share/turtlebot3_navigation2/map/turtlebot3_world.yaml
[1.736s] -- Symlinking: /turtlebot3_ws/install/turtlebot3_navigation2/share/turtlebot3_navigation2/param/burger.yaml
[1.764s] -- Symlinking: /turtlebot3_ws/install/turtlebot3_navigation2/share/turtlebot3_navigation2/param/waffle.yaml
[1.824s] -- Symlinking: /turtlebot3_ws/install/turtlebot3_navigation2/share/turtlebot3_navigation2/param/waffle_pi.yaml
[1.846s] -- Symlinking: /turtlebot3_ws/install/turtlebot3_navigation2/share/turtlebot3_navigation2/rviz/tb3_navigation2.rviz
[1.876s] -- Symlinking: /turtlebot3_ws/install/turtlebot3_navigation2/share/ament_index/resource_index/package_run_dependencies/turtlebot3_navigation2
[1.902s] -- Symlinking: /turtlebot3_ws/install/turtlebot3_navigation2/share/ament_index/resource_index/parent_prefix_path/turtlebot3_navigation2
[1.928s] -- Symlinking: /turtlebot3_ws/install/turtlebot3_navigation2/share/turtlebot3_navigation2/environment/ament_prefix_path.sh
[1.951s] -- Symlinking: /turtlebot3_ws/install/turtlebot3_navigation2/share/turtlebot3_navigation2/environment/ament_prefix_path.dsv
[1.995s] -- Symlinking: /turtlebot3_ws/install/turtlebot3_navigation2/share/turtlebot3_navigation2/environment/path.sh
[2.025s] -- Symlinking: /turtlebot3_ws/install/turtlebot3_navigation2/share/turtlebot3_navigation2/environment/path.dsv
[2.052s] -- Symlinking: /turtlebot3_ws/install/turtlebot3_navigation2/share/turtlebot3_navigation2/local_setup.bash
[2.080s] -- Symlinking: /turtlebot3_ws/install/turtlebot3_navigation2/share/turtlebot3_navigation2/local_setup.sh
[2.092s] -- Symlinking: /turtlebot3_ws/install/turtlebot3_navigation2/share/turtlebot3_navigation2/local_setup.zsh
[2.133s] -- Symlinking: /turtlebot3_ws/install/turtlebot3_navigation2/share/turtlebot3_navigation2/local_setup.dsv
[2.151s] -- Symlinking: /turtlebot3_ws/install/turtlebot3_navigation2/share/turtlebot3_navigation2/package.dsv
[2.169s] -- Symlinking: /turtlebot3_ws/install/turtlebot3_navigation2/share/ament_index/resource_index/packages/turtlebot3_navigation2
[2.187s] -- Symlinking: /turtlebot3_ws/install/turtlebot3_navigation2/share/turtlebot3_navigation2/cmake/turtlebot3_navigation2Config.cmake
[2.204s] -- Symlinking: /turtlebot3_ws/install/turtlebot3_navigation2/share/turtlebot3_navigation2/cmake/turtlebot3_navigation2Config-version.cmake
[2.221s] -- Symlinking: /turtlebot3_ws/install/turtlebot3_navigation2/share/turtlebot3_navigation2/package.xml
[2.243s] Invoked command in '/turtlebot3_ws/build/turtlebot3_navigation2' returned '0': CMAKE_PREFIX_PATH=/opt/ros/foxy /usr/bin/cmake --install /turtlebot3_ws/build/turtlebot3_navigation2
