[0.024s] Invoking command in '/turtlebot3_ws/build/dynamixel_sdk_examples': AMENT_PREFIX_PATH=/turtlebot3_ws/install/dynamixel_sdk_custom_interfaces:/turtlebot3_ws/install/dynamixel_sdk:${AMENT_PREFIX_PATH} CMAKE_PREFIX_PATH=/turtlebot3_ws/install/dynamixel_sdk_custom_interfaces:/turtlebot3_ws/install/dynamixel_sdk:/opt/ros/foxy LD_LIBRARY_PATH=/turtlebot3_ws/install/dynamixel_sdk_custom_interfaces/lib:/turtlebot3_ws/install/dynamixel_sdk/lib:${LD_LIBRARY_PATH} PYTHONPATH=/turtlebot3_ws/install/dynamixel_sdk_custom_interfaces/lib/python3.8/site-packages:${PYTHONPATH} /usr/bin/cmake --build /turtlebot3_ws/build/dynamixel_sdk_examples -- -j12 -l12
[0.123s] [100%] Built target read_write_node
[0.471s] Invoked command in '/turtlebot3_ws/build/dynamixel_sdk_examples' returned '0': AMENT_PREFIX_PATH=/turtlebot3_ws/install/dynamixel_sdk_custom_interfaces:/turtlebot3_ws/install/dynamixel_sdk:${AMENT_PREFIX_PATH} CMAKE_PREFIX_PATH=/turtlebot3_ws/install/dynamixel_sdk_custom_interfaces:/turtlebot3_ws/install/dynamixel_sdk:/opt/ros/foxy LD_LIBRARY_PATH=/turtlebot3_ws/install/dynamixel_sdk_custom_interfaces/lib:/turtlebot3_ws/install/dynamixel_sdk/lib:${LD_LIBRARY_PATH} PYTHONPATH=/turtlebot3_ws/install/dynamixel_sdk_custom_interfaces/lib/python3.8/site-packages:${PYTHONPATH} /usr/bin/cmake --build /turtlebot3_ws/build/dynamixel_sdk_examples -- -j12 -l12
[0.509s] Invoking command in '/turtlebot3_ws/build/dynamixel_sdk_examples': AMENT_PREFIX_PATH=/turtlebot3_ws/install/dynamixel_sdk_custom_interfaces:/turtlebot3_ws/install/dynamixel_sdk:${AMENT_PREFIX_PATH} CMAKE_PREFIX_PATH=/turtlebot3_ws/install/dynamixel_sdk_custom_interfaces:/turtlebot3_ws/install/dynamixel_sdk:/opt/ros/foxy LD_LIBRARY_PATH=/turtlebot3_ws/install/dynamixel_sdk_custom_interfaces/lib:/turtlebot3_ws/install/dynamixel_sdk/lib:${LD_LIBRARY_PATH} PYTHONPATH=/turtlebot3_ws/install/dynamixel_sdk_custom_interfaces/lib/python3.8/site-packages:${PYTHONPATH} /usr/bin/cmake --install /turtlebot3_ws/build/dynamixel_sdk_examples
[0.523s] -- Install configuration: ""
[0.523s] -- Execute custom install script
[0.524s] -- Up-to-date symlink: /turtlebot3_ws/install/dynamixel_sdk_examples/lib/dynamixel_sdk_examples/read_write_node
[0.524s] -- Up-to-date symlink: /turtlebot3_ws/install/dynamixel_sdk_examples/share/ament_index/resource_index/package_run_dependencies/dynamixel_sdk_examples
[0.527s] -- Up-to-date symlink: /turtlebot3_ws/install/dynamixel_sdk_examples/share/ament_index/resource_index/parent_prefix_path/dynamixel_sdk_examples
[0.527s] -- Up-to-date symlink: /turtlebot3_ws/install/dynamixel_sdk_examples/share/dynamixel_sdk_examples/environment/ament_prefix_path.sh
[0.527s] -- Up-to-date symlink: /turtlebot3_ws/install/dynamixel_sdk_examples/share/dynamixel_sdk_examples/environment/ament_prefix_path.dsv
[0.527s] -- Up-to-date symlink: /turtlebot3_ws/install/dynamixel_sdk_examples/share/dynamixel_sdk_examples/environment/path.sh
[0.527s] -- Up-to-date symlink: /turtlebot3_ws/install/dynamixel_sdk_examples/share/dynamixel_sdk_examples/environment/path.dsv
[0.527s] -- Up-to-date symlink: /turtlebot3_ws/install/dynamixel_sdk_examples/share/dynamixel_sdk_examples/local_setup.bash
[0.527s] -- Up-to-date symlink: /turtlebot3_ws/install/dynamixel_sdk_examples/share/dynamixel_sdk_examples/local_setup.sh
[0.527s] -- Up-to-date symlink: /turtlebot3_ws/install/dynamixel_sdk_examples/share/dynamixel_sdk_examples/local_setup.zsh
[0.528s] -- Up-to-date symlink: /turtlebot3_ws/install/dynamixel_sdk_examples/share/dynamixel_sdk_examples/local_setup.dsv
[0.528s] -- Symlinking: /turtlebot3_ws/install/dynamixel_sdk_examples/share/dynamixel_sdk_examples/package.dsv
[0.549s] -- Up-to-date symlink: /turtlebot3_ws/install/dynamixel_sdk_examples/share/ament_index/resource_index/packages/dynamixel_sdk_examples
[0.549s] -- Up-to-date symlink: /turtlebot3_ws/install/dynamixel_sdk_examples/share/dynamixel_sdk_examples/cmake/dynamixel_sdk_examplesConfig.cmake
[0.549s] -- Up-to-date symlink: /turtlebot3_ws/install/dynamixel_sdk_examples/share/dynamixel_sdk_examples/cmake/dynamixel_sdk_examplesConfig-version.cmake
[0.550s] -- Up-to-date symlink: /turtlebot3_ws/install/dynamixel_sdk_examples/share/dynamixel_sdk_examples/package.xml
[0.553s] Invoked command in '/turtlebot3_ws/build/dynamixel_sdk_examples' returned '0': AMENT_PREFIX_PATH=/turtlebot3_ws/install/dynamixel_sdk_custom_interfaces:/turtlebot3_ws/install/dynamixel_sdk:${AMENT_PREFIX_PATH} CMAKE_PREFIX_PATH=/turtlebot3_ws/install/dynamixel_sdk_custom_interfaces:/turtlebot3_ws/install/dynamixel_sdk:/opt/ros/foxy LD_LIBRARY_PATH=/turtlebot3_ws/install/dynamixel_sdk_custom_interfaces/lib:/turtlebot3_ws/install/dynamixel_sdk/lib:${LD_LIBRARY_PATH} PYTHONPATH=/turtlebot3_ws/install/dynamixel_sdk_custom_interfaces/lib/python3.8/site-packages:${PYTHONPATH} /usr/bin/cmake --install /turtlebot3_ws/build/dynamixel_sdk_examples
