[0.015s] Invoking command in '/turtlebot3_ws/build/turtlebot3_simulations': AMENT_PREFIX_PATH=/turtlebot3_ws/install/turtlebot3_gazebo:/turtlebot3_ws/install/turtlebot3_fake_node:/turtlebot3_ws/install/turtlebot3_msgs:/turtlebot3_ws/install/turtlebot3_description:${AMENT_PREFIX_PATH} CMAKE_PREFIX_PATH=/turtlebot3_ws/install/turtlebot3_gazebo:/turtlebot3_ws/install/turtlebot3_fake_node:/turtlebot3_ws/install/turtlebot3_msgs:/turtlebot3_ws/install/turtlebot3_description:/opt/ros/foxy LD_LIBRARY_PATH=/turtlebot3_ws/install/turtlebot3_msgs/lib:${LD_LIBRARY_PATH} PYTHONPATH=/turtlebot3_ws/install/turtlebot3_msgs/lib/python3.8/site-packages:${PYTHONPATH} /usr/bin/cmake /turtlebot3_ws/src/turtlebot3_simulations/turtlebot3_simulations -DAMENT_CMAKE_SYMLINK_INSTALL=1 -DCMAKE_INSTALL_PREFIX=/turtlebot3_ws/install/turtlebot3_simulations
[0.065s] -- The C compiler identification is GNU 9.4.0
[0.114s] -- The CXX compiler identification is GNU 9.4.0
[0.118s] -- Check for working C compiler: /usr/bin/cc
[0.179s] -- Check for working C compiler: /usr/bin/cc -- works
[0.180s] -- Detecting C compiler ABI info
[0.242s] -- Detecting C compiler ABI info - done
[0.265s] -- Detecting C compile features
[0.265s] -- Detecting C compile features - done
[0.267s] -- Check for working CXX compiler: /usr/bin/c++
[0.334s] -- Check for working CXX compiler: /usr/bin/c++ -- works
[0.335s] -- Detecting CXX compiler ABI info
[0.405s] -- Detecting CXX compiler ABI info - done
[0.415s] -- Detecting CXX compile features
[0.415s] -- Detecting CXX compile features - done
[0.418s] -- Found ament_cmake: 0.9.9 (/opt/ros/foxy/share/ament_cmake/cmake)
[0.439s] -- Found PythonInterp: /usr/bin/python3 (found suitable version "3.8.10", minimum required is "3") 
[0.439s] -- Using PYTHON_EXECUTABLE: /usr/bin/python3
[0.567s] -- Override CMake install command with custom implementation using symlinks instead of copying resources
[0.676s] -- Configuring done
[0.678s] -- Generating done
[0.679s] -- Build files have been written to: /turtlebot3_ws/build/turtlebot3_simulations
[0.683s] Invoked command in '/turtlebot3_ws/build/turtlebot3_simulations' returned '0': AMENT_PREFIX_PATH=/turtlebot3_ws/install/turtlebot3_gazebo:/turtlebot3_ws/install/turtlebot3_fake_node:/turtlebot3_ws/install/turtlebot3_msgs:/turtlebot3_ws/install/turtlebot3_description:${AMENT_PREFIX_PATH} CMAKE_PREFIX_PATH=/turtlebot3_ws/install/turtlebot3_gazebo:/turtlebot3_ws/install/turtlebot3_fake_node:/turtlebot3_ws/install/turtlebot3_msgs:/turtlebot3_ws/install/turtlebot3_description:/opt/ros/foxy LD_LIBRARY_PATH=/turtlebot3_ws/install/turtlebot3_msgs/lib:${LD_LIBRARY_PATH} PYTHONPATH=/turtlebot3_ws/install/turtlebot3_msgs/lib/python3.8/site-packages:${PYTHONPATH} /usr/bin/cmake /turtlebot3_ws/src/turtlebot3_simulations/turtlebot3_simulations -DAMENT_CMAKE_SYMLINK_INSTALL=1 -DCMAKE_INSTALL_PREFIX=/turtlebot3_ws/install/turtlebot3_simulations
[0.687s] Invoking command in '/turtlebot3_ws/build/turtlebot3_simulations': AMENT_PREFIX_PATH=/turtlebot3_ws/install/turtlebot3_gazebo:/turtlebot3_ws/install/turtlebot3_fake_node:/turtlebot3_ws/install/turtlebot3_msgs:/turtlebot3_ws/install/turtlebot3_description:${AMENT_PREFIX_PATH} CMAKE_PREFIX_PATH=/turtlebot3_ws/install/turtlebot3_gazebo:/turtlebot3_ws/install/turtlebot3_fake_node:/turtlebot3_ws/install/turtlebot3_msgs:/turtlebot3_ws/install/turtlebot3_description:/opt/ros/foxy LD_LIBRARY_PATH=/turtlebot3_ws/install/turtlebot3_msgs/lib:${LD_LIBRARY_PATH} PYTHONPATH=/turtlebot3_ws/install/turtlebot3_msgs/lib/python3.8/site-packages:${PYTHONPATH} /usr/bin/cmake --build /turtlebot3_ws/build/turtlebot3_simulations -- -j12 -l12
[0.731s] Invoked command in '/turtlebot3_ws/build/turtlebot3_simulations' returned '0': AMENT_PREFIX_PATH=/turtlebot3_ws/install/turtlebot3_gazebo:/turtlebot3_ws/install/turtlebot3_fake_node:/turtlebot3_ws/install/turtlebot3_msgs:/turtlebot3_ws/install/turtlebot3_description:${AMENT_PREFIX_PATH} CMAKE_PREFIX_PATH=/turtlebot3_ws/install/turtlebot3_gazebo:/turtlebot3_ws/install/turtlebot3_fake_node:/turtlebot3_ws/install/turtlebot3_msgs:/turtlebot3_ws/install/turtlebot3_description:/opt/ros/foxy LD_LIBRARY_PATH=/turtlebot3_ws/install/turtlebot3_msgs/lib:${LD_LIBRARY_PATH} PYTHONPATH=/turtlebot3_ws/install/turtlebot3_msgs/lib/python3.8/site-packages:${PYTHONPATH} /usr/bin/cmake --build /turtlebot3_ws/build/turtlebot3_simulations -- -j12 -l12
[0.755s] Invoking command in '/turtlebot3_ws/build/turtlebot3_simulations': AMENT_PREFIX_PATH=/turtlebot3_ws/install/turtlebot3_gazebo:/turtlebot3_ws/install/turtlebot3_fake_node:/turtlebot3_ws/install/turtlebot3_msgs:/turtlebot3_ws/install/turtlebot3_description:${AMENT_PREFIX_PATH} CMAKE_PREFIX_PATH=/turtlebot3_ws/install/turtlebot3_gazebo:/turtlebot3_ws/install/turtlebot3_fake_node:/turtlebot3_ws/install/turtlebot3_msgs:/turtlebot3_ws/install/turtlebot3_description:/opt/ros/foxy LD_LIBRARY_PATH=/turtlebot3_ws/install/turtlebot3_msgs/lib:${LD_LIBRARY_PATH} PYTHONPATH=/turtlebot3_ws/install/turtlebot3_msgs/lib/python3.8/site-packages:${PYTHONPATH} /usr/bin/cmake --install /turtlebot3_ws/build/turtlebot3_simulations
[0.765s] -- Install configuration: ""
[0.765s] -- Execute custom install script
[0.766s] -- Symlinking: /turtlebot3_ws/install/turtlebot3_simulations/share/ament_index/resource_index/package_run_dependencies/turtlebot3_simulations
[0.775s] -- Symlinking: /turtlebot3_ws/install/turtlebot3_simulations/share/ament_index/resource_index/parent_prefix_path/turtlebot3_simulations
[0.783s] -- Symlinking: /turtlebot3_ws/install/turtlebot3_simulations/share/turtlebot3_simulations/environment/ament_prefix_path.sh
[0.791s] -- Symlinking: /turtlebot3_ws/install/turtlebot3_simulations/share/turtlebot3_simulations/environment/ament_prefix_path.dsv
[0.799s] -- Symlinking: /turtlebot3_ws/install/turtlebot3_simulations/share/turtlebot3_simulations/environment/path.sh
[0.807s] -- Symlinking: /turtlebot3_ws/install/turtlebot3_simulations/share/turtlebot3_simulations/environment/path.dsv
[0.815s] -- Symlinking: /turtlebot3_ws/install/turtlebot3_simulations/share/turtlebot3_simulations/local_setup.bash
[0.823s] -- Symlinking: /turtlebot3_ws/install/turtlebot3_simulations/share/turtlebot3_simulations/local_setup.sh
[0.831s] -- Symlinking: /turtlebot3_ws/install/turtlebot3_simulations/share/turtlebot3_simulations/local_setup.zsh
[0.841s] -- Symlinking: /turtlebot3_ws/install/turtlebot3_simulations/share/turtlebot3_simulations/local_setup.dsv
[0.850s] -- Symlinking: /turtlebot3_ws/install/turtlebot3_simulations/share/turtlebot3_simulations/package.dsv
[0.859s] -- Symlinking: /turtlebot3_ws/install/turtlebot3_simulations/share/ament_index/resource_index/packages/turtlebot3_simulations
[0.868s] -- Symlinking: /turtlebot3_ws/install/turtlebot3_simulations/share/turtlebot3_simulations/cmake/turtlebot3_simulationsConfig.cmake
[0.877s] -- Symlinking: /turtlebot3_ws/install/turtlebot3_simulations/share/turtlebot3_simulations/cmake/turtlebot3_simulationsConfig-version.cmake
[0.886s] -- Symlinking: /turtlebot3_ws/install/turtlebot3_simulations/share/turtlebot3_simulations/package.xml
[0.902s] Invoked command in '/turtlebot3_ws/build/turtlebot3_simulations' returned '0': AMENT_PREFIX_PATH=/turtlebot3_ws/install/turtlebot3_gazebo:/turtlebot3_ws/install/turtlebot3_fake_node:/turtlebot3_ws/install/turtlebot3_msgs:/turtlebot3_ws/install/turtlebot3_description:${AMENT_PREFIX_PATH} CMAKE_PREFIX_PATH=/turtlebot3_ws/install/turtlebot3_gazebo:/turtlebot3_ws/install/turtlebot3_fake_node:/turtlebot3_ws/install/turtlebot3_msgs:/turtlebot3_ws/install/turtlebot3_description:/opt/ros/foxy LD_LIBRARY_PATH=/turtlebot3_ws/install/turtlebot3_msgs/lib:${LD_LIBRARY_PATH} PYTHONPATH=/turtlebot3_ws/install/turtlebot3_msgs/lib/python3.8/site-packages:${PYTHONPATH} /usr/bin/cmake --install /turtlebot3_ws/build/turtlebot3_simulations
