[0.067s] Invoking command in '/turtlebot3_ws/build/turtlebot3_cartographer': CMAKE_PREFIX_PATH=/opt/ros/foxy /usr/bin/cmake /turtlebot3_ws/src/turtlebot3/turtlebot3_cartographer -DAMENT_CMAKE_SYMLINK_INSTALL=1 -DCMAKE_INSTALL_PREFIX=/turtlebot3_ws/install/turtlebot3_cartographer
[0.510s] -- The C compiler identification is GNU 9.4.0
[0.510s] -- The CXX compiler identification is GNU 9.4.0
[0.510s] -- Check for working C compiler: /usr/bin/cc
[0.510s] -- Check for working C compiler: /usr/bin/cc -- works
[0.510s] -- Detecting C compiler ABI info
[0.571s] -- Detecting C compiler ABI info - done
[0.593s] -- Detecting C compile features
[0.594s] -- Detecting C compile features - done
[0.598s] -- Check for working CXX compiler: /usr/bin/c++
[0.773s] -- Check for working CXX compiler: /usr/bin/c++ -- works
[0.775s] -- Detecting CXX compiler ABI info
[0.919s] -- Detecting CXX compiler ABI info - done
[0.936s] -- Detecting CXX compile features
[0.937s] -- Detecting CXX compile features - done
[0.941s] -- Found ament_cmake: 0.9.9 (/opt/ros/foxy/share/ament_cmake/cmake)
[0.996s] -- Found PythonInterp: /usr/bin/python3 (found suitable version "3.8.10", minimum required is "3") 
[0.996s] -- Using PYTHON_EXECUTABLE: /usr/bin/python3
[1.310s] -- Override CMake install command with custom implementation using symlinks instead of copying resources
[1.492s] -- Configuring done
[1.495s] -- Generating done
[1.496s] -- Build files have been written to: /turtlebot3_ws/build/turtlebot3_cartographer
[1.503s] Invoked command in '/turtlebot3_ws/build/turtlebot3_cartographer' returned '0': CMAKE_PREFIX_PATH=/opt/ros/foxy /usr/bin/cmake /turtlebot3_ws/src/turtlebot3/turtlebot3_cartographer -DAMENT_CMAKE_SYMLINK_INSTALL=1 -DCMAKE_INSTALL_PREFIX=/turtlebot3_ws/install/turtlebot3_cartographer
[1.505s] Invoking command in '/turtlebot3_ws/build/turtlebot3_cartographer': CMAKE_PREFIX_PATH=/opt/ros/foxy /usr/bin/cmake --build /turtlebot3_ws/build/turtlebot3_cartographer -- -j12 -l12
[1.626s] Invoked command in '/turtlebot3_ws/build/turtlebot3_cartographer' returned '0': CMAKE_PREFIX_PATH=/opt/ros/foxy /usr/bin/cmake --build /turtlebot3_ws/build/turtlebot3_cartographer -- -j12 -l12
[1.826s] Invoking command in '/turtlebot3_ws/build/turtlebot3_cartographer': CMAKE_PREFIX_PATH=/opt/ros/foxy /usr/bin/cmake --install /turtlebot3_ws/build/turtlebot3_cartographer
[1.852s] -- Install configuration: ""
[1.854s] -- Execute custom install script
[1.857s] -- Symlinking: /turtlebot3_ws/install/turtlebot3_cartographer/share/turtlebot3_cartographer/config/turtlebot3_lds_2d.lua
[1.905s] -- Symlinking: /turtlebot3_ws/install/turtlebot3_cartographer/share/turtlebot3_cartographer/launch/cartographer.launch.py
[1.938s] -- Symlinking: /turtlebot3_ws/install/turtlebot3_cartographer/share/turtlebot3_cartographer/launch/occupancy_grid.launch.py
[1.963s] -- Symlinking: /turtlebot3_ws/install/turtlebot3_cartographer/share/turtlebot3_cartographer/rviz/tb3_cartographer.rviz
[2.008s] -- Symlinking: /turtlebot3_ws/install/turtlebot3_cartographer/share/ament_index/resource_index/package_run_dependencies/turtlebot3_cartographer
[2.031s] -- Symlinking: /turtlebot3_ws/install/turtlebot3_cartographer/share/ament_index/resource_index/parent_prefix_path/turtlebot3_cartographer
[2.064s] -- Symlinking: /turtlebot3_ws/install/turtlebot3_cartographer/share/turtlebot3_cartographer/environment/ament_prefix_path.sh
[2.088s] -- Symlinking: /turtlebot3_ws/install/turtlebot3_cartographer/share/turtlebot3_cartographer/environment/ament_prefix_path.dsv
[2.103s] -- Symlinking: /turtlebot3_ws/install/turtlebot3_cartographer/share/turtlebot3_cartographer/environment/path.sh
[2.122s] -- Symlinking: /turtlebot3_ws/install/turtlebot3_cartographer/share/turtlebot3_cartographer/environment/path.dsv
[2.141s] -- Symlinking: /turtlebot3_ws/install/turtlebot3_cartographer/share/turtlebot3_cartographer/local_setup.bash
[2.161s] -- Symlinking: /turtlebot3_ws/install/turtlebot3_cartographer/share/turtlebot3_cartographer/local_setup.sh
[2.177s] -- Symlinking: /turtlebot3_ws/install/turtlebot3_cartographer/share/turtlebot3_cartographer/local_setup.zsh
[2.195s] -- Symlinking: /turtlebot3_ws/install/turtlebot3_cartographer/share/turtlebot3_cartographer/local_setup.dsv
[2.212s] -- Symlinking: /turtlebot3_ws/install/turtlebot3_cartographer/share/turtlebot3_cartographer/package.dsv
[2.233s] -- Symlinking: /turtlebot3_ws/install/turtlebot3_cartographer/share/ament_index/resource_index/packages/turtlebot3_cartographer
[2.252s] -- Symlinking: /turtlebot3_ws/install/turtlebot3_cartographer/share/turtlebot3_cartographer/cmake/turtlebot3_cartographerConfig.cmake
[2.270s] -- Symlinking: /turtlebot3_ws/install/turtlebot3_cartographer/share/turtlebot3_cartographer/cmake/turtlebot3_cartographerConfig-version.cmake
[2.285s] -- Symlinking: /turtlebot3_ws/install/turtlebot3_cartographer/share/turtlebot3_cartographer/package.xml
[2.317s] Invoked command in '/turtlebot3_ws/build/turtlebot3_cartographer' returned '0': CMAKE_PREFIX_PATH=/opt/ros/foxy /usr/bin/cmake --install /turtlebot3_ws/build/turtlebot3_cartographer
