[0.074s] Invoking command in '/turtlebot3_ws/build/hls_lfcd_lds_driver': CMAKE_PREFIX_PATH=/opt/ros/foxy /usr/bin/cmake /turtlebot3_ws/src/hls_lfcd_lds_driver -DAMENT_CMAKE_SYMLINK_INSTALL=1 -DCMAKE_INSTALL_PREFIX=/turtlebot3_ws/install/hls_lfcd_lds_driver
[0.521s] -- The C compiler identification is GNU 9.4.0
[0.522s] -- The CXX compiler identification is GNU 9.4.0
[0.522s] -- Check for working C compiler: /usr/bin/cc
[0.522s] -- Check for working C compiler: /usr/bin/cc -- works
[0.522s] -- Detecting C compiler ABI info
[0.579s] -- Detecting C compiler ABI info - done
[0.595s] -- Detecting C compile features
[0.595s] -- Detecting C compile features - done
[0.600s] -- Check for working CXX compiler: /usr/bin/c++
[0.749s] -- Check for working CXX compiler: /usr/bin/c++ -- works
[0.751s] -- Detecting CXX compiler ABI info
[0.905s] -- Detecting CXX compiler ABI info - done
[0.929s] -- Detecting CXX compile features
[0.929s] -- Detecting CXX compile features - done
[0.936s] -- Found ament_cmake: 0.9.9 (/opt/ros/foxy/share/ament_cmake/cmake)
[0.981s] -- Found PythonInterp: /usr/bin/python3 (found suitable version "3.8.10", minimum required is "3") 
[0.981s] -- Using PYTHON_EXECUTABLE: /usr/bin/python3
[1.227s] -- Override CMake install command with custom implementation using symlinks instead of copying resources
[1.265s] -- Found rclcpp: 2.4.1 (/opt/ros/foxy/share/rclcpp/cmake)
[1.378s] -- Using all available rosidl_typesupport_c: rosidl_typesupport_fastrtps_c;rosidl_typesupport_introspection_c
[1.399s] -- Found rosidl_adapter: 1.2.1 (/opt/ros/foxy/share/rosidl_adapter/cmake)
[1.585s] -- Found OpenSSL: /usr/lib/x86_64-linux-gnu/libcrypto.so (found version "1.1.1f")  
[1.682s] -- Found FastRTPS: /opt/ros/foxy/include  
[1.908s] -- Using all available rosidl_typesupport_cpp: rosidl_typesupport_fastrtps_cpp;rosidl_typesupport_introspection_cpp
[2.041s] -- Found rmw_implementation_cmake: 1.0.3 (/opt/ros/foxy/share/rmw_implementation_cmake/cmake)
[2.044s] -- Using RMW implementation 'rmw_fastrtps_cpp' as default
[2.047s] -- Looking for pthread.h
[2.233s] -- Looking for pthread.h - found
[2.234s] -- Performing Test CMAKE_HAVE_LIBC_PTHREAD
[2.367s] -- Performing Test CMAKE_HAVE_LIBC_PTHREAD - Failed
[2.367s] -- Looking for pthread_create in pthreads
[2.466s] -- Looking for pthread_create in pthreads - not found
[2.466s] -- Looking for pthread_create in pthread
[2.568s] -- Looking for pthread_create in pthread - found
[2.568s] -- Found Threads: TRUE  
[2.809s] -- Found sensor_msgs: 2.0.5 (/opt/ros/foxy/share/sensor_msgs/cmake)
[2.990s] -- Found Boost: /usr/lib/x86_64-linux-gnu/cmake/Boost-1.71.0/BoostConfig.cmake (found version "1.71.0") found components: system 
[3.082s] -- Configuring done
[3.093s] -- Generating done
[3.095s] -- Build files have been written to: /turtlebot3_ws/build/hls_lfcd_lds_driver
[3.104s] Invoked command in '/turtlebot3_ws/build/hls_lfcd_lds_driver' returned '0': CMAKE_PREFIX_PATH=/opt/ros/foxy /usr/bin/cmake /turtlebot3_ws/src/hls_lfcd_lds_driver -DAMENT_CMAKE_SYMLINK_INSTALL=1 -DCMAKE_INSTALL_PREFIX=/turtlebot3_ws/install/hls_lfcd_lds_driver
[3.105s] Invoking command in '/turtlebot3_ws/build/hls_lfcd_lds_driver': CMAKE_PREFIX_PATH=/opt/ros/foxy /usr/bin/cmake --build /turtlebot3_ws/build/hls_lfcd_lds_driver -- -j12 -l12
[3.158s] [35m[1mScanning dependencies of target hlds_laser_publisher[0m
[3.201s] [ 50%] [32mBuilding CXX object CMakeFiles/hlds_laser_publisher.dir/src/hlds_laser_publisher.cpp.o[0m
[10.315s] [100%] [32m[1mLinking CXX executable hlds_laser_publisher[0m
[10.623s] [100%] Built target hlds_laser_publisher
[10.636s] Invoked command in '/turtlebot3_ws/build/hls_lfcd_lds_driver' returned '0': CMAKE_PREFIX_PATH=/opt/ros/foxy /usr/bin/cmake --build /turtlebot3_ws/build/hls_lfcd_lds_driver -- -j12 -l12
[10.663s] Invoking command in '/turtlebot3_ws/build/hls_lfcd_lds_driver': CMAKE_PREFIX_PATH=/opt/ros/foxy /usr/bin/cmake --install /turtlebot3_ws/build/hls_lfcd_lds_driver
[10.672s] -- Install configuration: ""
[10.673s] -- Execute custom install script
[10.674s] -- Symlinking: /turtlebot3_ws/install/hls_lfcd_lds_driver/share/hls_lfcd_lds_driver/launch/hlds_laser.launch.py
[10.682s] -- Symlinking: /turtlebot3_ws/install/hls_lfcd_lds_driver/share/hls_lfcd_lds_driver/launch/view_hlds_laser.launch.py
[10.692s] -- Symlinking: /turtlebot3_ws/install/hls_lfcd_lds_driver/share/hls_lfcd_lds_driver/rviz/hlds_laser.rviz
[10.704s] -- Symlinking: /turtlebot3_ws/install/hls_lfcd_lds_driver/lib/hls_lfcd_lds_driver/hlds_laser_publisher
[10.715s] -- Symlinking: /turtlebot3_ws/install/hls_lfcd_lds_driver/share/ament_index/resource_index/package_run_dependencies/hls_lfcd_lds_driver
[10.730s] -- Symlinking: /turtlebot3_ws/install/hls_lfcd_lds_driver/share/ament_index/resource_index/parent_prefix_path/hls_lfcd_lds_driver
[10.743s] -- Symlinking: /turtlebot3_ws/install/hls_lfcd_lds_driver/share/hls_lfcd_lds_driver/environment/ament_prefix_path.sh
[10.755s] -- Symlinking: /turtlebot3_ws/install/hls_lfcd_lds_driver/share/hls_lfcd_lds_driver/environment/ament_prefix_path.dsv
[10.767s] -- Symlinking: /turtlebot3_ws/install/hls_lfcd_lds_driver/share/hls_lfcd_lds_driver/environment/path.sh
[10.779s] -- Symlinking: /turtlebot3_ws/install/hls_lfcd_lds_driver/share/hls_lfcd_lds_driver/environment/path.dsv
[10.792s] -- Symlinking: /turtlebot3_ws/install/hls_lfcd_lds_driver/share/hls_lfcd_lds_driver/local_setup.bash
[10.804s] -- Symlinking: /turtlebot3_ws/install/hls_lfcd_lds_driver/share/hls_lfcd_lds_driver/local_setup.sh
[10.816s] -- Symlinking: /turtlebot3_ws/install/hls_lfcd_lds_driver/share/hls_lfcd_lds_driver/local_setup.zsh
[10.829s] -- Symlinking: /turtlebot3_ws/install/hls_lfcd_lds_driver/share/hls_lfcd_lds_driver/local_setup.dsv
[10.842s] -- Symlinking: /turtlebot3_ws/install/hls_lfcd_lds_driver/share/hls_lfcd_lds_driver/package.dsv
[10.854s] -- Symlinking: /turtlebot3_ws/install/hls_lfcd_lds_driver/share/ament_index/resource_index/packages/hls_lfcd_lds_driver
[10.866s] -- Symlinking: /turtlebot3_ws/install/hls_lfcd_lds_driver/share/hls_lfcd_lds_driver/cmake/ament_cmake_export_dependencies-extras.cmake
[10.878s] -- Symlinking: /turtlebot3_ws/install/hls_lfcd_lds_driver/share/hls_lfcd_lds_driver/cmake/ament_cmake_export_include_directories-extras.cmake
[10.890s] -- Symlinking: /turtlebot3_ws/install/hls_lfcd_lds_driver/share/hls_lfcd_lds_driver/cmake/hls_lfcd_lds_driverConfig.cmake
[10.902s] -- Symlinking: /turtlebot3_ws/install/hls_lfcd_lds_driver/share/hls_lfcd_lds_driver/cmake/hls_lfcd_lds_driverConfig-version.cmake
[10.914s] -- Symlinking: /turtlebot3_ws/install/hls_lfcd_lds_driver/share/hls_lfcd_lds_driver/package.xml
[10.931s] Invoked command in '/turtlebot3_ws/build/hls_lfcd_lds_driver' returned '0': CMAKE_PREFIX_PATH=/opt/ros/foxy /usr/bin/cmake --install /turtlebot3_ws/build/hls_lfcd_lds_driver
